{"meta": {"format": 3, "version": "7.13.0", "timestamp": "2025-12-21T18:00:00.367128", "branch_coverage": false, "show_contexts": false}, "files": {"app/__init__.py": {"executed_lines": [1, 7], "summary": {"covered_lines": 1, "num_statements": 1, "percent_covered": 100.0, "percent_covered_display": "100.00", "missing_lines": 0, "excluded_lines": 0, "percent_statements_covered": 100.0, "percent_statements_covered_display": "100.00"}, "missing_lines": [], "excluded_lines": [], "functions": {"": {"executed_lines": [1, 7], "summary": {"covered_lines": 1, "num_statements": 1, "percent_covered": 100.0, "percent_covered_display": "100.00", "missing_lines": 0, "excluded_lines": 0, "percent_statements_covered": 100.0, "percent_statements_covered_display": "100.00"}, "missing_lines": [], "excluded_lines": []}}, "classes": {"": {"executed_lines": [1, 7], "summary": {"covered_lines": 1, "num_statements": 1, "percent_covered": 100.0, "percent_covered_display": "100.00", "missing_lines": 0, "excluded_lines": 0, "percent_statements_covered": 100.0, "percent_statements_covered_display": "100.00"}, "missing_lines": [], "excluded_lines": []}}}, "app/api/routes/__init__.py": {"executed_lines": [1], "summary": {"covered_lines": 0, "num_statements": 0, "percent_covered": 100.0, "percent_covered_display": "100.00", "missing_lines": 0, "excluded_lines": 0, "percent_statements_covered": 100.0, "percent_statements_covered_display": "100.00"}, "missing_lines": [], "excluded_lines": [], "functions": {"": {"executed_lines": [1], "summary": {"covered_lines": 0, "num_statements": 0, "percent_covered": 100.0, "percent_covered_display": "100.00", "missing_lines": 0, "excluded_lines": 0, "percent_statements_covered": 100.0, "percent_statements_covered_display": "100.00"}, "missing_lines": [], "excluded_lines": []}}, "classes": {"": {"executed_lines": [1], "summary": {"covered_lines": 0, "num_statements": 0, "percent_covered": 100.0, "percent_covered_display": "100.00", "missing_lines": 0, "excluded_lines": 0, "percent_statements_covered": 100.0, "percent_statements_covered_display": "100.00"}, "missing_lines": [], "excluded_lines": []}}}, "app/api/routes/auth.py": {"executed_lines": [1, 17, 18, 20, 21, 22, 24, 25, 26, 28, 30, 33, 34, 36, 37, 40, 41, 122, 123, 184, 185, 219, 220, 287, 288, 335, 336, 410, 411, 502, 503, 579, 580, 661, 662, 664, 666, 669, 670], "summary": {"covered_lines": 36, "num_statements": 145, "percent_covered": 24.82758620689655, "percent_covered_display": "24.83", "missing_lines": 109, "excluded_lines": 0, "percent_statements_covered": 24.82758620689655, "percent_statements_covered_display": "24.83"}, "missing_lines": [72, 75, 77, 79, 80, 87, 88, 89, 95, 96, 97, 103, 104, 105, 112, 115, 117, 119, 153, 155, 157, 159, 162, 175, 177, 178, 205, 252, 255, 256, 257, 263, 264, 270, 272, 273, 312, 313, 315, 318, 365, 368, 370, 371, 376, 377, 383, 385, 386, 392, 394, 396, 443, 446, 448, 449, 455, 456, 462, 463, 468, 469, 475, 477, 478, 484, 486, 488, 534, 537, 539, 540, 545, 546, 552, 554, 555, 561, 563, 565, 611, 614, 616, 617, 623, 624, 630, 631, 637, 639, 643, 645, 647, 653, 654, 655, 714, 716, 719, 722, 728, 730, 737, 742, 757, 758, 762, 763, 764], "excluded_lines": [], "functions": {"login": {"executed_lines": [], "summary": {"covered_lines": 0, "num_statements": 18, "percent_covered": 0.0, "percent_covered_display": "0.00", "missing_lines": 18, "excluded_lines": 0, "percent_statements_covered": 0.0, "percent_statements_covered_display": "0.00"}, "missing_lines": [72, 75, 77, 79, 80, 87, 88, 89, 95, 96, 97, 103, 104, 105, 112, 115, 117, 119], "excluded_lines": []}, "register": {"executed_lines": [], "summary": {"covered_lines": 0, "num_statements": 8, "percent_covered": 0.0, "percent_covered_display": "0.00", "missing_lines": 8, "excluded_lines": 0, "percent_statements_covered": 0.0, "percent_statements_covered_display": "0.00"}, "missing_lines": [153, 155, 157, 159, 162, 175, 177, 178], "excluded_lines": []}, "get_current_user_info": {"executed_lines": [], "summary": {"covered_lines": 0, "num_statements": 1, "percent_covered": 0.0, "percent_covered_display": "0.00", "missing_lines": 1, "excluded_lines": 0, "percent_statements_covered": 0.0, "percent_statements_covered_display": "0.00"}, "missing_lines": [205], "excluded_lines": []}, "update_password": {"executed_lines": [], "summary": {"covered_lines": 0, "num_statements": 9, "percent_covered": 0.0, "percent_covered_display": "0.00", "missing_lines": 9, "excluded_lines": 0, "percent_statements_covered": 0.0, "percent_statements_covered_display": "0.00"}, "missing_lines": [252, 255, 256, 257, 263, 264, 270, 272, 273], "excluded_lines": []}, "get_all_users": {"executed_lines": [], "summary": {"covered_lines": 0, "num_statements": 4, "percent_covered": 0.0, "percent_covered_display": "0.00", "missing_lines": 4, "excluded_lines": 0, "percent_statements_covered": 0.0, "percent_statements_covered_display": "0.00"}, "missing_lines": [312, 313, 315, 318], "excluded_lines": []}, "approve_user": {"executed_lines": [], "summary": {"covered_lines": 0, "num_statements": 12, "percent_covered": 0.0, "percent_covered_display": "0.00", "missing_lines": 12, "excluded_lines": 0, "percent_statements_covered": 0.0, "percent_statements_covered_display": "0.00"}, "missing_lines": [365, 368, 370, 371, 376, 377, 383, 385, 386, 392, 394, 396], "excluded_lines": []}, "block_user": {"executed_lines": [], "summary": {"covered_lines": 0, "num_statements": 16, "percent_covered": 0.0, "percent_covered_display": "0.00", "missing_lines": 16, "excluded_lines": 0, "percent_statements_covered": 0.0, "percent_statements_covered_display": "0.00"}, "missing_lines": [443, 446, 448, 449, 455, 456, 462, 463, 468, 469, 475, 477, 478, 484, 486, 488], "excluded_lines": []}, "unblock_user": {"executed_lines": [], "summary": {"covered_lines": 0, "num_statements": 12, "percent_covered": 0.0, "percent_covered_display": "0.00", "missing_lines": 12, "excluded_lines": 0, "percent_statements_covered": 0.0, "percent_statements_covered_display": "0.00"}, "missing_lines": [534, 537, 539, 540, 545, 546, 552, 554, 555, 561, 563, 565], "excluded_lines": []}, "delete_user": {"executed_lines": [], "summary": {"covered_lines": 0, "num_statements": 16, "percent_covered": 0.0, "percent_covered_display": "0.00", "missing_lines": 16, "excluded_lines": 0, "percent_statements_covered": 0.0, "percent_statements_covered_display": "0.00"}, "missing_lines": [611, 614, 616, 617, 623, 624, 630, 631, 637, 639, 643, 645, 647, 653, 654, 655], "excluded_lines": []}, "create_user_by_admin": {"executed_lines": [], "summary": {"covered_lines": 0, "num_statements": 13, "percent_covered": 0.0, "percent_covered_display": "0.00", "missing_lines": 13, "excluded_lines": 0, "percent_statements_covered": 0.0, "percent_statements_covered_display": "0.00"}, "missing_lines": [714, 716, 719, 722, 728, 730, 737, 742, 757, 758, 762, 763, 764], "excluded_lines": []}, "": {"executed_lines": [1, 17, 18, 20, 21, 22, 24, 25, 26, 28, 30, 33, 34, 36, 37, 40, 41, 122, 123, 184, 185, 219, 220, 287, 288, 335, 336, 410, 411, 502, 503, 579, 580, 661, 662, 664, 666, 669, 670], "summary": {"covered_lines": 36, "num_statements": 36, "percent_covered": 100.0, "percent_covered_display": "100.00", "missing_lines": 0, "excluded_lines": 0, "percent_statements_covered": 100.0, "percent_statements_covered_display": "100.00"}, "missing_lines": [], "excluded_lines": []}}, "classes": {"PasswordUpdate": {"executed_lines": [], "summary": {"covered_lines": 0, "num_statements": 0, "percent_covered": 100.0, "percent_covered_display": "100.00", "missing_lines": 0, "excluded_lines": 0, "percent_statements_covered": 100.0, "percent_statements_covered_display": "100.00"}, "missing_lines": [], "excluded_lines": []}, "AdminUserCreate": {"executed_lines": [], "summary": {"covered_lines": 0, "num_statements": 0, "percent_covered": 100.0, "percent_covered_display": "100.00", "missing_lines": 0, "excluded_lines": 0, "percent_statements_covered": 100.0, "percent_statements_covered_display": "100.00"}, "missing_lines": [], "excluded_lines": []}, "": {"executed_lines": [1, 17, 18, 20, 21, 22, 24, 25, 26, 28, 30, 33, 34, 36, 37, 40, 41, 122, 123, 184, 185, 219, 220, 287, 288, 335, 336, 410, 411, 502, 503, 579, 580, 661, 662, 664, 666, 669, 670], "summary": {"covered_lines": 36, "num_statements": 145, "percent_covered": 24.82758620689655, "percent_covered_display": "24.83", "missing_lines": 109, "excluded_lines": 0, "percent_statements_covered": 24.82758620689655, "percent_statements_covered_display": "24.83"}, "missing_lines": [72, 75, 77, 79, 80, 87, 88, 89, 95, 96, 97, 103, 104, 105, 112, 115, 117, 119, 153, 155, 157, 159, 162, 175, 177, 178, 205, 252, 255, 256, 257, 263, 264, 270, 272, 273, 312, 313, 315, 318, 365, 368, 370, 371, 376, 377, 383, 385, 386, 392, 394, 396, 443, 446, 448, 449, 455, 456, 462, 463, 468, 469, 475, 477, 478, 484, 486, 488, 534, 537, 539, 540, 545, 546, 552, 554, 555, 561, 563, 565, 611, 614, 616, 617, 623, 624, 630, 631, 637, 639, 643, 645, 647, 653, 654, 655, 714, 716, 719, 722, 728, 730, 737, 742, 757, 758, 762, 763, 764], "excluded_lines": []}}}, "app/api/routes/csrf.py": {"executed_lines": [1, 10, 11, 13, 14, 16, 17, 18, 20, 22, 25, 26, 74, 75], "summary": {"covered_lines": 13, "num_statements": 21, "percent_covered": 61.904761904761905, "percent_covered_display": "61.90", "missing_lines": 8, "excluded_lines": 0, "percent_statements_covered": 61.904761904761905, "percent_statements_covered_display": "61.90"}, "missing_lines": [56, 59, 61, 66, 95, 98, 100, 105], "excluded_lines": [], "functions": {"get_csrf_token": {"executed_lines": [], "summary": {"covered_lines": 0, "num_statements": 4, "percent_covered": 0.0, "percent_covered_display": "0.00", "missing_lines": 4, "excluded_lines": 0, "percent_statements_covered": 0.0, "percent_statements_covered_display": "0.00"}, "missing_lines": [56, 59, 61, 66], "excluded_lines": []}, "refresh_csrf_token": {"executed_lines": [], "summary": {"covered_lines": 0, "num_statements": 4, "percent_covered": 0.0, "percent_covered_display": "0.00", "missing_lines": 4, "excluded_lines": 0, "percent_statements_covered": 0.0, "percent_statements_covered_display": "0.00"}, "missing_lines": [95, 98, 100, 105], "excluded_lines": []}, "": {"executed_lines": [1, 10, 11, 13, 14, 16, 17, 18, 20, 22, 25, 26, 74, 75], "summary": {"covered_lines": 13, "num_statements": 13, "percent_covered": 100.0, "percent_covered_display": "100.00", "missing_lines": 0, "excluded_lines": 0, "percent_statements_covered": 100.0, "percent_statements_covered_display": "100.00"}, "missing_lines": [], "excluded_lines": []}}, "classes": {"": {"executed_lines": [1, 10, 11, 13, 14, 16, 17, 18, 20, 22, 25, 26, 74, 75], "summary": {"covered_lines": 13, "num_statements": 21, "percent_covered": 61.904761904761905, "percent_covered_display": "61.90", "missing_lines": 8, "excluded_lines": 0, "percent_statements_covered": 61.904761904761905, "percent_statements_covered_display": "61.90"}, "missing_lines": [56, 59, 61, 66, 95, 98, 100, 105], "excluded_lines": []}}}, "app/api/routes/health.py": {"executed_lines": [1, 5, 6, 7, 8, 10, 11, 13, 14, 15, 16, 18, 19, 22, 25, 28, 29], "summary": {"covered_lines": 16, "num_statements": 30, "percent_covered": 53.333333333333336, "percent_covered_display": "53.33", "missing_lines": 14, "excluded_lines": 0, "percent_statements_covered": 53.333333333333336, "percent_statements_covered_display": "53.33"}, "missing_lines": [40, 42, 45, 48, 49, 50, 52, 55, 56, 57, 59, 71, 72, 73], "excluded_lines": [], "functions": {"health_check": {"executed_lines": [], "summary": {"covered_lines": 0, "num_statements": 14, "percent_covered": 0.0, "percent_covered_display": "0.00", "missing_lines": 14, "excluded_lines": 0, "percent_statements_covered": 0.0, "percent_statements_covered_display": "0.00"}, "missing_lines": [40, 42, 45, 48, 49, 50, 52, 55, 56, 57, 59, 71, 72, 73], "excluded_lines": []}, "": {"executed_lines": [1, 5, 6, 7, 8, 10, 11, 13, 14, 15, 16, 18, 19, 22, 25, 28, 29], "summary": {"covered_lines": 16, "num_statements": 16, "percent_covered": 100.0, "percent_covered_display": "100.00", "missing_lines": 0, "excluded_lines": 0, "percent_statements_covered": 100.0, "percent_statements_covered_display": "100.00"}, "missing_lines": [], "excluded_lines": []}}, "classes": {"": {"executed_lines": [1, 5, 6, 7, 8, 10, 11, 13, 14, 15, 16, 18, 19, 22, 25, 28, 29], "summary": {"covered_lines": 16, "num_statements": 30, "percent_covered": 53.333333333333336, "percent_covered_display": "53.33", "missing_lines": 14, "excluded_lines": 0, "percent_statements_covered": 53.333333333333336, "percent_statements_covered_display": "53.33"}, "missing_lines": [40, 42, 45, 48, 49, 50, 52, 55, 56, 57, 59, 71, 72, 73], "excluded_lines": []}}}, "app/api/routes/progress.py": {"executed_lines": [1, 5, 6, 7, 8, 10, 11, 13, 14, 15, 16, 17, 19, 21, 24, 142, 143, 196, 197, 236, 237], "summary": {"covered_lines": 20, "num_statements": 86, "percent_covered": 23.25581395348837, "percent_covered_display": "23.26", "missing_lines": 66, "excluded_lines": 0, "percent_statements_covered": 23.25581395348837, "percent_statements_covered_display": "23.26"}, "missing_lines": [37, 38, 41, 42, 43, 44, 46, 49, 52, 53, 55, 56, 67, 68, 70, 71, 73, 75, 76, 77, 80, 83, 84, 85, 96, 98, 101, 102, 119, 120, 121, 123, 126, 128, 129, 132, 134, 135, 136, 137, 138, 139, 166, 167, 169, 170, 176, 177, 178, 183, 185, 216, 217, 219, 220, 226, 227, 228, 233, 253, 256, 257, 258, 260, 262, 264], "excluded_lines": [], "functions": {"progress_event_generator": {"executed_lines": [], "summary": {"covered_lines": 0, "num_statements": 42, "percent_covered": 0.0, "percent_covered_display": "0.00", "missing_lines": 42, "excluded_lines": 0, "percent_statements_covered": 0.0, "percent_statements_covered_display": "0.00"}, "missing_lines": [37, 38, 41, 42, 43, 44, 46, 49, 52, 53, 55, 56, 67, 68, 70, 71, 73, 75, 76, 77, 80, 83, 84, 85, 96, 98, 101, 102, 119, 120, 121, 123, 126, 128, 129, 132, 134, 135, 136, 137, 138, 139], "excluded_lines": []}, "get_progress": {"executed_lines": [], "summary": {"covered_lines": 0, "num_statements": 9, "percent_covered": 0.0, "percent_covered_display": "0.00", "missing_lines": 9, "excluded_lines": 0, "percent_statements_covered": 0.0, "percent_statements_covered_display": "0.00"}, "missing_lines": [166, 167, 169, 170, 176, 177, 178, 183, 185], "excluded_lines": []}, "get_task_status": {"executed_lines": [], "summary": {"covered_lines": 0, "num_statements": 8, "percent_covered": 0.0, "percent_covered_display": "0.00", "missing_lines": 8, "excluded_lines": 0, "percent_statements_covered": 0.0, "percent_statements_covered_display": "0.00"}, "missing_lines": [216, 217, 219, 220, 226, 227, 228, 233], "excluded_lines": []}, "get_task_history": {"executed_lines": [], "summary": {"covered_lines": 0, "num_statements": 7, "percent_covered": 0.0, "percent_covered_display": "0.00", "missing_lines": 7, "excluded_lines": 0, "percent_statements_covered": 0.0, "percent_statements_covered_display": "0.00"}, "missing_lines": [253, 256, 257, 258, 260, 262, 264], "excluded_lines": []}, "": {"executed_lines": [1, 5, 6, 7, 8, 10, 11, 13, 14, 15, 16, 17, 19, 21, 24, 142, 143, 196, 197, 236, 237], "summary": {"covered_lines": 20, "num_statements": 20, "percent_covered": 100.0, "percent_covered_display": "100.00", "missing_lines": 0, "excluded_lines": 0, "percent_statements_covered": 100.0, "percent_statements_covered_display": "100.00"}, "missing_lines": [], "excluded_lines": []}}, "classes": {"": {"executed_lines": [1, 5, 6, 7, 8, 10, 11, 13, 14, 15, 16, 17, 19, 21, 24, 142, 143, 196, 197, 236, 237], "summary": {"covered_lines": 20, "num_statements": 86, "percent_covered": 23.25581395348837, "percent_covered_display": "23.26", "missing_lines": 66, "excluded_lines": 0, "percent_statements_covered": 23.25581395348837, "percent_statements_covered_display": "23.26"}, "missing_lines": [37, 38, 41, 42, 43, 44, 46, 49, 52, 53, 55, 56, 67, 68, 70, 71, 73, 75, 76, 77, 80, 83, 84, 85, 96, 98, 101, 102, 119, 120, 121, 123, 126, 128, 129, 132, 134, 135, 136, 137, 138, 139, 166, 167, 169, 170, 176, 177, 178, 183, 185, 216, 217, 219, 220, 226, 227, 228, 233, 253, 256, 257, 258, 260, 262, 264], "excluded_lines": []}}}, "app/api/routes/reports.py": {"executed_lines": [1, 5, 6, 7, 9, 10, 12, 13, 14, 15, 16, 18, 20, 23, 24, 27, 28, 91, 92, 152, 153], "summary": {"covered_lines": 20, "num_statements": 72, "percent_covered": 27.77777777777778, "percent_covered_display": "27.78", "missing_lines": 52, "excluded_lines": 0, "percent_statements_covered": 27.77777777777778, "percent_statements_covered_display": "27.78"}, "missing_lines": [51, 53, 54, 56, 57, 63, 64, 65, 71, 74, 76, 77, 82, 84, 112, 114, 115, 117, 118, 124, 125, 126, 132, 135, 137, 138, 143, 145, 173, 175, 176, 178, 179, 185, 186, 187, 193, 194, 197, 198, 200, 202, 203, 204, 205, 207, 208, 209, 210, 213, 215, 217], "excluded_lines": [], "functions": {"get_html_report": {"executed_lines": [], "summary": {"covered_lines": 0, "num_statements": 14, "percent_covered": 0.0, "percent_covered_display": "0.00", "missing_lines": 14, "excluded_lines": 0, "percent_statements_covered": 0.0, "percent_statements_covered_display": "0.00"}, "missing_lines": [51, 53, 54, 56, 57, 63, 64, 65, 71, 74, 76, 77, 82, 84], "excluded_lines": []}, "get_json_report": {"executed_lines": [], "summary": {"covered_lines": 0, "num_statements": 14, "percent_covered": 0.0, "percent_covered_display": "0.00", "missing_lines": 14, "excluded_lines": 0, "percent_statements_covered": 0.0, "percent_statements_covered_display": "0.00"}, "missing_lines": [112, 114, 115, 117, 118, 124, 125, 126, 132, 135, 137, 138, 143, 145], "excluded_lines": []}, "delete_report": {"executed_lines": [], "summary": {"covered_lines": 0, "num_statements": 24, "percent_covered": 0.0, "percent_covered_display": "0.00", "missing_lines": 24, "excluded_lines": 0, "percent_statements_covered": 0.0, "percent_statements_covered_display": "0.00"}, "missing_lines": [173, 175, 176, 178, 179, 185, 186, 187, 193, 194, 197, 198, 200, 202, 203, 204, 205, 207, 208, 209, 210, 213, 215, 217], "excluded_lines": []}, "": {"executed_lines": [1, 5, 6, 7, 9, 10, 12, 13, 14, 15, 16, 18, 20, 23, 24, 27, 28, 91, 92, 152, 153], "summary": {"covered_lines": 20, "num_statements": 20, "percent_covered": 100.0, "percent_covered_display": "100.00", "missing_lines": 0, "excluded_lines": 0, "percent_statements_covered": 100.0, "percent_statements_covered_display": "100.00"}, "missing_lines": [], "excluded_lines": []}}, "classes": {"": {"executed_lines": [1, 5, 6, 7, 9, 10, 12, 13, 14, 15, 16, 18, 20, 23, 24, 27, 28, 91, 92, 152, 153], "summary": {"covered_lines": 20, "num_statements": 72, "percent_covered": 27.77777777777778, "percent_covered_display": "27.78", "missing_lines": 52, "excluded_lines": 0, "percent_statements_covered": 27.77777777777778, "percent_statements_covered_display": "27.78"}, "missing_lines": [51, 53, 54, 56, 57, 63, 64, 65, 71, 74, 76, 77, 82, 84, 112, 114, 115, 117, 118, 124, 125, 126, 132, 135, 137, 138, 143, 145, 173, 175, 176, 178, 179, 185, 186, 187, 193, 194, 197, 198, 200, 202, 203, 204, 205, 207, 208, 209, 210, 213, 215, 217], "excluded_lines": []}}}, "app/api/routes/upload.py": {"executed_lines": [1, 5, 6, 7, 8, 10, 11, 13, 14, 15, 16, 17, 18, 19, 20, 22, 24, 27, 28, 29, 30, 33, 67, 91, 97, 208, 209], "summary": {"covered_lines": 26, "num_statements": 81, "percent_covered": 32.098765432098766, "percent_covered_display": "32.10", "missing_lines": 55, "excluded_lines": 0, "percent_statements_covered": 32.098765432098766, "percent_statements_covered_display": "32.10"}, "missing_lines": [45, 46, 47, 53, 54, 55, 60, 61, 78, 79, 82, 84, 85, 118, 121, 125, 126, 127, 128, 131, 133, 134, 135, 136, 142, 145, 148, 151, 153, 154, 155, 156, 157, 158, 159, 165, 166, 167, 173, 174, 176, 177, 183, 184, 186, 188, 189, 190, 191, 196, 199, 221, 222, 224, 226], "excluded_lines": [], "functions": {"validate_pcap_file": {"executed_lines": [], "summary": {"covered_lines": 0, "num_statements": 8, "percent_covered": 0.0, "percent_covered_display": "0.00", "missing_lines": 8, "excluded_lines": 0, "percent_statements_covered": 0.0, "percent_statements_covered_display": "0.00"}, "missing_lines": [45, 46, 47, 53, 54, 55, 60, 61], "excluded_lines": []}, "validate_pcap_magic_bytes": {"executed_lines": [], "summary": {"covered_lines": 0, "num_statements": 5, "percent_covered": 0.0, "percent_covered_display": "0.00", "missing_lines": 5, "excluded_lines": 0, "percent_statements_covered": 0.0, "percent_statements_covered_display": "0.00"}, "missing_lines": [78, 79, 82, 84, 85], "excluded_lines": []}, "upload_pcap": {"executed_lines": [], "summary": {"covered_lines": 0, "num_statements": 38, "percent_covered": 0.0, "percent_covered_display": "0.00", "missing_lines": 38, "excluded_lines": 0, "percent_statements_covered": 0.0, "percent_statements_covered_display": "0.00"}, "missing_lines": [118, 121, 125, 126, 127, 128, 131, 133, 134, 135, 136, 142, 145, 148, 151, 153, 154, 155, 156, 157, 158, 159, 165, 166, 167, 173, 174, 176, 177, 183, 184, 186, 188, 189, 190, 191, 196, 199], "excluded_lines": []}, "get_queue_status": {"executed_lines": [], "summary": {"covered_lines": 0, "num_statements": 4, "percent_covered": 0.0, "percent_covered_display": "0.00", "missing_lines": 4, "excluded_lines": 0, "percent_statements_covered": 0.0, "percent_statements_covered_display": "0.00"}, "missing_lines": [221, 222, 224, 226], "excluded_lines": []}, "": {"executed_lines": [1, 5, 6, 7, 8, 10, 11, 13, 14, 15, 16, 17, 18, 19, 20, 22, 24, 27, 28, 29, 30, 33, 67, 91, 97, 208, 209], "summary": {"covered_lines": 26, "num_statements": 26, "percent_covered": 100.0, "percent_covered_display": "100.00", "missing_lines": 0, "excluded_lines": 0, "percent_statements_covered": 100.0, "percent_statements_covered_display": "100.00"}, "missing_lines": [], "excluded_lines": []}}, "classes": {"": {"executed_lines": [1, 5, 6, 7, 8, 10, 11, 13, 14, 15, 16, 17, 18, 19, 20, 22, 24, 27, 28, 29, 30, 33, 67, 91, 97, 208, 209], "summary": {"covered_lines": 26, "num_statements": 81, "percent_covered": 32.098765432098766, "percent_covered_display": "32.10", "missing_lines": 55, "excluded_lines": 0, "percent_statements_covered": 32.098765432098766, "percent_statements_covered_display": "32.10"}, "missing_lines": [45, 46, 47, 53, 54, 55, 60, 61, 78, 79, 82, 84, 85, 118, 121, 125, 126, 127, 128, 131, 133, 134, 135, 136, 142, 145, 148, 151, 153, 154, 155, 156, 157, 158, 159, 165, 166, 167, 173, 174, 176, 177, 183, 184, 186, 188, 189, 190, 191, 196, 199, 221, 222, 224, 226], "excluded_lines": []}}}, "app/api/routes/views.py": {"executed_lines": [1, 5, 6, 8, 9, 10, 12, 14, 16, 19, 20, 23, 24, 31, 32, 39, 40, 47, 48, 55, 56, 63, 64, 72, 73], "summary": {"covered_lines": 24, "num_statements": 31, "percent_covered": 77.41935483870968, "percent_covered_display": "77.42", "missing_lines": 7, "excluded_lines": 0, "percent_statements_covered": 77.41935483870968, "percent_statements_covered_display": "77.42"}, "missing_lines": [28, 36, 44, 52, 60, 69, 78], "excluded_lines": [], "functions": {"index": {"executed_lines": [], "summary": {"covered_lines": 0, "num_statements": 1, "percent_covered": 0.0, "percent_covered_display": "0.00", "missing_lines": 1, "excluded_lines": 0, "percent_statements_covered": 0.0, "percent_statements_covered_display": "0.00"}, "missing_lines": [28], "excluded_lines": []}, "progress": {"executed_lines": [], "summary": {"covered_lines": 0, "num_statements": 1, "percent_covered": 0.0, "percent_covered_display": "0.00", "missing_lines": 1, "excluded_lines": 0, "percent_statements_covered": 0.0, "percent_statements_covered_display": "0.00"}, "missing_lines": [36], "excluded_lines": []}, "history": {"executed_lines": [], "summary": {"covered_lines": 0, "num_statements": 1, "percent_covered": 0.0, "percent_covered_display": "0.00", "missing_lines": 1, "excluded_lines": 0, "percent_statements_covered": 0.0, "percent_statements_covered_display": "0.00"}, "missing_lines": [44], "excluded_lines": []}, "login": {"executed_lines": [], "summary": {"covered_lines": 0, "num_statements": 1, "percent_covered": 0.0, "percent_covered_display": "0.00", "missing_lines": 1, "excluded_lines": 0, "percent_statements_covered": 0.0, "percent_statements_covered_display": "0.00"}, "missing_lines": [52], "excluded_lines": []}, "logout": {"executed_lines": [], "summary": {"covered_lines": 0, "num_statements": 1, "percent_covered": 0.0, "percent_covered_display": "0.00", "missing_lines": 1, "excluded_lines": 0, "percent_statements_covered": 0.0, "percent_statements_covered_display": "0.00"}, "missing_lines": [60], "excluded_lines": []}, "admin": {"executed_lines": [], "summary": {"covered_lines": 0, "num_statements": 1, "percent_covered": 0.0, "percent_covered_display": "0.00", "missing_lines": 1, "excluded_lines": 0, "percent_statements_covered": 0.0, "percent_statements_covered_display": "0.00"}, "missing_lines": [69], "excluded_lines": []}, "change_password": {"executed_lines": [], "summary": {"covered_lines": 0, "num_statements": 1, "percent_covered": 0.0, "percent_covered_display": "0.00", "missing_lines": 1, "excluded_lines": 0, "percent_statements_covered": 0.0, "percent_statements_covered_display": "0.00"}, "missing_lines": [78], "excluded_lines": []}, "": {"executed_lines": [1, 5, 6, 8, 9, 10, 12, 14, 16, 19, 20, 23, 24, 31, 32, 39, 40, 47, 48, 55, 56, 63, 64, 72, 73], "summary": {"covered_lines": 24, "num_statements": 24, "percent_covered": 100.0, "percent_covered_display": "100.00", "missing_lines": 0, "excluded_lines": 0, "percent_statements_covered": 100.0, "percent_statements_covered_display": "100.00"}, "missing_lines": [], "excluded_lines": []}}, "classes": {"": {"executed_lines": [1, 5, 6, 8, 9, 10, 12, 14, 16, 19, 20, 23, 24, 31, 32, 39, 40, 47, 48, 55, 56, 63, 64, 72, 73], "summary": {"covered_lines": 24, "num_statements": 31, "percent_covered": 77.41935483870968, "percent_covered_display": "77.42", "missing_lines": 7, "excluded_lines": 0, "percent_statements_covered": 77.41935483870968, "percent_statements_covered_display": "77.42"}, "missing_lines": [28, 36, 44, 52, 60, 69, 78], "excluded_lines": []}}}, "app/auth.py": {"executed_lines": [1, 17, 18, 19, 20, 21, 23, 24, 25, 26, 28, 29, 31, 35, 38, 39, 42, 68, 105, 177, 267, 296], "summary": {"covered_lines": 21, "num_statements": 105, "percent_covered": 20.0, "percent_covered_display": "20.00", "missing_lines": 84, "excluded_lines": 0, "percent_statements_covered": 20.0, "percent_statements_covered_display": "20.00"}, "missing_lines": [54, 56, 58, 59, 60, 62, 63, 65, 85, 86, 88, 90, 97, 98, 100, 102, 123, 129, 131, 132, 135, 136, 137, 139, 140, 141, 144, 151, 152, 153, 155, 156, 157, 160, 161, 163, 164, 165, 167, 168, 169, 174, 203, 210, 212, 213, 214, 216, 217, 219, 221, 222, 225, 226, 227, 229, 230, 231, 234, 241, 242, 243, 245, 246, 247, 250, 251, 253, 254, 255, 257, 258, 259, 264, 286, 287, 288, 293, 313, 314, 317, 319, 320, 322], "excluded_lines": [], "functions": {"get_secret_key": {"executed_lines": [], "summary": {"covered_lines": 0, "num_statements": 8, "percent_covered": 0.0, "percent_covered_display": "0.00", "missing_lines": 8, "excluded_lines": 0, "percent_statements_covered": 0.0, "percent_statements_covered_display": "0.00"}, "missing_lines": [54, 56, 58, 59, 60, 62, 63, 65], "excluded_lines": []}, "create_access_token": {"executed_lines": [], "summary": {"covered_lines": 0, "num_statements": 8, "percent_covered": 0.0, "percent_covered_display": "0.00", "missing_lines": 8, "excluded_lines": 0, "percent_statements_covered": 0.0, "percent_statements_covered_display": "0.00"}, "missing_lines": [85, 86, 88, 90, 97, 98, 100, 102], "excluded_lines": []}, "get_current_user": {"executed_lines": [], "summary": {"covered_lines": 0, "num_statements": 26, "percent_covered": 0.0, "percent_covered_display": "0.00", "missing_lines": 26, "excluded_lines": 0, "percent_statements_covered": 0.0, "percent_statements_covered_display": "0.00"}, "missing_lines": [123, 129, 131, 132, 135, 136, 137, 139, 140, 141, 144, 151, 152, 153, 155, 156, 157, 160, 161, 163, 164, 165, 167, 168, 169, 174], "excluded_lines": []}, "get_current_user_sse": {"executed_lines": [], "summary": {"covered_lines": 0, "num_statements": 32, "percent_covered": 0.0, "percent_covered_display": "0.00", "missing_lines": 32, "excluded_lines": 0, "percent_statements_covered": 0.0, "percent_statements_covered_display": "0.00"}, "missing_lines": [203, 210, 212, 213, 214, 216, 217, 219, 221, 222, 225, 226, 227, 229, 230, 231, 234, 241, 242, 243, 245, 246, 247, 250, 251, 253, 254, 255, 257, 258, 259, 264], "excluded_lines": []}, "get_current_admin_user": {"executed_lines": [], "summary": {"covered_lines": 0, "num_statements": 4, "percent_covered": 0.0, "percent_covered_display": "0.00", "missing_lines": 4, "excluded_lines": 0, "percent_statements_covered": 0.0, "percent_statements_covered_display": "0.00"}, "missing_lines": [286, 287, 288, 293], "excluded_lines": []}, "verify_ownership": {"executed_lines": [], "summary": {"covered_lines": 0, "num_statements": 6, "percent_covered": 0.0, "percent_covered_display": "0.00", "missing_lines": 6, "excluded_lines": 0, "percent_statements_covered": 0.0, "percent_statements_covered_display": "0.00"}, "missing_lines": [313, 314, 317, 319, 320, 322], "excluded_lines": []}, "": {"executed_lines": [1, 17, 18, 19, 20, 21, 23, 24, 25, 26, 28, 29, 31, 35, 38, 39, 42, 68, 105, 177, 267, 296], "summary": {"covered_lines": 21, "num_statements": 21, "percent_covered": 100.0, "percent_covered_display": "100.00", "missing_lines": 0, "excluded_lines": 0, "percent_statements_covered": 100.0, "percent_statements_covered_display": "100.00"}, "missing_lines": [], "excluded_lines": []}}, "classes": {"": {"executed_lines": [1, 17, 18, 19, 20, 21, 23, 24, 25, 26, 28, 29, 31, 35, 38, 39, 42, 68, 105, 177, 267, 296], "summary": {"covered_lines": 21, "num_statements": 105, "percent_covered": 20.0, "percent_covered_display": "20.00", "missing_lines": 84, "excluded_lines": 0, "percent_statements_covered": 20.0, "percent_statements_covered_display": "20.00"}, "missing_lines": [54, 56, 58, 59, 60, 62, 63, 65, 85, 86, 88, 90, 97, 98, 100, 102, 123, 129, 131, 132, 135, 136, 137, 139, 140, 141, 144, 151, 152, 153, 155, 156, 157, 160, 161, 163, 164, 165, 167, 168, 169, 174, 203, 210, 212, 213, 214, 216, 217, 219, 221, 222, 225, 226, 227, 229, 230, 231, 234, 241, 242, 243, 245, 246, 247, 250, 251, 253, 254, 255, 257, 258, 259, 264, 286, 287, 288, 293, 313, 314, 317, 319, 320, 322], "excluded_lines": []}}}, "app/main.py": {"executed_lines": [1, 5, 6, 7, 8, 10, 11, 12, 13, 14, 15, 17, 18, 19, 20, 21, 22, 25, 29, 32, 33, 34, 37, 38, 86, 107, 108, 127, 128, 147, 156, 157, 158, 161, 162, 163, 164, 165, 166, 169, 173, 174, 221, 222, 409], "summary": {"covered_lines": 43, "num_statements": 75, "percent_covered": 57.333333333333336, "percent_covered_display": "57.33", "missing_lines": 32, "excluded_lines": 3, "percent_statements_covered": 57.333333333333336, "percent_statements_covered_display": "57.33"}, "missing_lines": [43, 46, 47, 48, 51, 52, 53, 56, 59, 60, 62, 65, 66, 67, 70, 71, 73, 76, 77, 80, 81, 82, 113, 117, 137, 140, 142, 143, 176, 217, 224, 406], "excluded_lines": [409, 410, 412], "functions": {"lifespan": {"executed_lines": [], "summary": {"covered_lines": 0, "num_statements": 22, "percent_covered": 0.0, "percent_covered_display": "0.00", "missing_lines": 22, "excluded_lines": 0, "percent_statements_covered": 0.0, "percent_statements_covered_display": "0.00"}, "missing_lines": [43, 46, 47, 48, 51, 52, 53, 56, 59, 60, 62, 65, 66, 67, 70, 71, 73, 76, 77, 80, 81, 82], "excluded_lines": []}, "csrf_protect_exception_handler": {"executed_lines": [], "summary": {"covered_lines": 0, "num_statements": 2, "percent_covered": 0.0, "percent_covered_display": "0.00", "missing_lines": 2, "excluded_lines": 0, "percent_statements_covered": 0.0, "percent_statements_covered_display": "0.00"}, "missing_lines": [113, 117], "excluded_lines": []}, "csrf_middleware": {"executed_lines": [], "summary": {"covered_lines": 0, "num_statements": 4, "percent_covered": 0.0, "percent_covered_display": "0.00", "missing_lines": 4, "excluded_lines": 0, "percent_statements_covered": 0.0, "percent_statements_covered_display": "0.00"}, "missing_lines": [137, 140, 142, 143], "excluded_lines": []}, "custom_swagger_ui_html": {"executed_lines": [], "summary": {"covered_lines": 0, "num_statements": 2, "percent_covered": 0.0, "percent_covered_display": "0.00", "missing_lines": 2, "excluded_lines": 0, "percent_statements_covered": 0.0, "percent_statements_covered_display": "0.00"}, "missing_lines": [176, 217], "excluded_lines": []}, "swagger_custom_css": {"executed_lines": [], "summary": {"covered_lines": 0, "num_statements": 2, "percent_covered": 0.0, "percent_covered_display": "0.00", "missing_lines": 2, "excluded_lines": 0, "percent_statements_covered": 0.0, "percent_statements_covered_display": "0.00"}, "missing_lines": [224, 406], "excluded_lines": []}, "": {"executed_lines": [1, 5, 6, 7, 8, 10, 11, 12, 13, 14, 15, 17, 18, 19, 20, 21, 22, 25, 29, 32, 33, 34, 37, 38, 86, 107, 108, 127, 128, 147, 156, 157, 158, 161, 162, 163, 164, 165, 166, 169, 173, 174, 221, 222, 409], "summary": {"covered_lines": 43, "num_statements": 43, "percent_covered": 100.0, "percent_covered_display": "100.00", "missing_lines": 0, "excluded_lines": 3, "percent_statements_covered": 100.0, "percent_statements_covered_display": "100.00"}, "missing_lines": [], "excluded_lines": [409, 410, 412]}}, "classes": {"": {"executed_lines": [1, 5, 6, 7, 8, 10, 11, 12, 13, 14, 15, 17, 18, 19, 20, 21, 22, 25, 29, 32, 33, 34, 37, 38, 86, 107, 108, 127, 128, 147, 156, 157, 158, 161, 162, 163, 164, 165, 166, 169, 173, 174, 221, 222, 409], "summary": {"covered_lines": 43, "num_statements": 75, "percent_covered": 57.333333333333336, "percent_covered_display": "57.33", "missing_lines": 32, "excluded_lines": 3, "percent_statements_covered": 57.333333333333336, "percent_statements_covered_display": "57.33"}, "missing_lines": [43, 46, 47, 48, 51, 52, 53, 56, 59, 60, 62, 65, 66, 67, 70, 71, 73, 76, 77, 80, 81, 82, 113, 117, 137, 140, 142, 143, 176, 217, 224, 406], "excluded_lines": [409, 410, 412]}}}, "app/models/schemas.py": {"executed_lines": [1, 5, 6, 7, 9, 12, 13, 15, 16, 17, 18, 19, 22, 23, 25, 26, 27, 28, 29, 30, 33, 34, 38, 39, 40, 41, 42, 43, 44, 47, 48, 54, 56, 57, 58, 59, 60, 61, 62, 64, 65, 74, 75, 77, 78, 80, 81, 84, 85], "summary": {"covered_lines": 43, "num_statements": 47, "percent_covered": 91.48936170212765, "percent_covered_display": "91.49", "missing_lines": 4, "excluded_lines": 0, "percent_statements_covered": 91.48936170212765, "percent_statements_covered_display": "91.49"}, "missing_lines": [67, 68, 70, 71], "excluded_lines": [], "functions": {"TaskInfo.calculate_expiry": {"executed_lines": [], "summary": {"covered_lines": 0, "num_statements": 4, "percent_covered": 0.0, "percent_covered_display": "0.00", "missing_lines": 4, "excluded_lines": 0, "percent_statements_covered": 0.0, "percent_statements_covered_display": "0.00"}, "missing_lines": [67, 68, 70, 71], "excluded_lines": []}, "": {"executed_lines": [1, 5, 6, 7, 9, 12, 13, 15, 16, 17, 18, 19, 22, 23, 25, 26, 27, 28, 29, 30, 33, 34, 38, 39, 40, 41, 42, 43, 44, 47, 48, 54, 56, 57, 58, 59, 60, 61, 62, 64, 65, 74, 75, 77, 78, 80, 81, 84, 85], "summary": {"covered_lines": 43, "num_statements": 43, "percent_covered": 100.0, "percent_covered_display": "100.00", "missing_lines": 0, "excluded_lines": 0, "percent_statements_covered": 100.0, "percent_statements_covered_display": "100.00"}, "missing_lines": [], "excluded_lines": []}}, "classes": {"TaskStatus": {"executed_lines": [], "summary": {"covered_lines": 0, "num_statements": 0, "percent_covered": 100.0, "percent_covered_display": "100.00", "missing_lines": 0, "excluded_lines": 0, "percent_statements_covered": 100.0, "percent_statements_covered_display": "100.00"}, "missing_lines": [], "excluded_lines": []}, "UploadResponse": {"executed_lines": [], "summary": {"covered_lines": 0, "num_statements": 0, "percent_covered": 100.0, "percent_covered_display": "100.00", "missing_lines": 0, "excluded_lines": 0, "percent_statements_covered": 100.0, "percent_statements_covered_display": "100.00"}, "missing_lines": [], "excluded_lines": []}, "ProgressUpdate": {"executed_lines": [], "summary": {"covered_lines": 0, "num_statements": 0, "percent_covered": 100.0, "percent_covered_display": "100.00", "missing_lines": 0, "excluded_lines": 0, "percent_statements_covered": 100.0, "percent_statements_covered_display": "100.00"}, "missing_lines": [], "excluded_lines": []}, "TaskInfo": {"executed_lines": [], "summary": {"covered_lines": 0, "num_statements": 4, "percent_covered": 0.0, "percent_covered_display": "0.00", "missing_lines": 4, "excluded_lines": 0, "percent_statements_covered": 0.0, "percent_statements_covered_display": "0.00"}, "missing_lines": [67, 68, 70, 71], "excluded_lines": []}, "HealthCheck": {"executed_lines": [], "summary": {"covered_lines": 0, "num_statements": 0, "percent_covered": 100.0, "percent_covered_display": "100.00", "missing_lines": 0, "excluded_lines": 0, "percent_statements_covered": 100.0, "percent_statements_covered_display": "100.00"}, "missing_lines": [], "excluded_lines": []}, "": {"executed_lines": [1, 5, 6, 7, 9, 12, 13, 15, 16, 17, 18, 19, 22, 23, 25, 26, 27, 28, 29, 30, 33, 34, 38, 39, 40, 41, 42, 43, 44, 47, 48, 54, 56, 57, 58, 59, 60, 61, 62, 64, 65, 74, 75, 77, 78, 80, 81, 84, 85], "summary": {"covered_lines": 43, "num_statements": 43, "percent_covered": 100.0, "percent_covered_display": "100.00", "missing_lines": 0, "excluded_lines": 0, "percent_statements_covered": 100.0, "percent_statements_covered_display": "100.00"}, "missing_lines": [], "excluded_lines": []}}}, "app/models/user.py": {"executed_lines": [1, 15, 16, 17, 18, 20, 23, 24, 26, 27, 30, 31, 43, 44, 47, 48, 49, 50, 51, 52, 53, 54, 56, 57, 63, 64, 67, 68, 70, 72, 74, 75, 104, 105, 113, 114, 115, 120, 121, 124, 125, 126, 129, 130], "summary": {"covered_lines": 37, "num_statements": 46, "percent_covered": 80.43478260869566, "percent_covered_display": "80.43", "missing_lines": 9, "excluded_lines": 0, "percent_statements_covered": 80.43478260869566, "percent_statements_covered_display": "80.43"}, "missing_lines": [59, 60, 61, 87, 88, 91, 98, 99, 101], "excluded_lines": [], "functions": {"User.username_alphanumeric": {"executed_lines": [], "summary": {"covered_lines": 0, "num_statements": 3, "percent_covered": 0.0, "percent_covered_display": "0.00", "missing_lines": 3, "excluded_lines": 0, "percent_statements_covered": 0.0, "percent_statements_covered_display": "0.00"}, "missing_lines": [59, 60, 61], "excluded_lines": []}, "UserCreate.password_strength": {"executed_lines": [], "summary": {"covered_lines": 0, "num_statements": 6, "percent_covered": 0.0, "percent_covered_display": "0.00", "missing_lines": 6, "excluded_lines": 0, "percent_statements_covered": 0.0, "percent_statements_covered_display": "0.00"}, "missing_lines": [87, 88, 91, 98, 99, 101], "excluded_lines": []}, "": {"executed_lines": [1, 15, 16, 17, 18, 20, 23, 24, 26, 27, 30, 31, 43, 44, 47, 48, 49, 50, 51, 52, 53, 54, 56, 57, 63, 64, 67, 68, 70, 72, 74, 75, 104, 105, 113, 114, 115, 120, 121, 124, 125, 126, 129, 130], "summary": {"covered_lines": 37, "num_statements": 37, "percent_covered": 100.0, "percent_covered_display": "100.00", "missing_lines": 0, "excluded_lines": 0, "percent_statements_covered": 100.0, "percent_statements_covered_display": "100.00"}, "missing_lines": [], "excluded_lines": []}}, "classes": {"UserRole": {"executed_lines": [], "summary": {"covered_lines": 0, "num_statements": 0, "percent_covered": 100.0, "percent_covered_display": "100.00", "missing_lines": 0, "excluded_lines": 0, "percent_statements_covered": 100.0, "percent_statements_covered_display": "100.00"}, "missing_lines": [], "excluded_lines": []}, "User": {"executed_lines": [], "summary": {"covered_lines": 0, "num_statements": 3, "percent_covered": 0.0, "percent_covered_display": "0.00", "missing_lines": 3, "excluded_lines": 0, "percent_statements_covered": 0.0, "percent_statements_covered_display": "0.00"}, "missing_lines": [59, 60, 61], "excluded_lines": []}, "User.Config": {"executed_lines": [], "summary": {"covered_lines": 0, "num_statements": 0, "percent_covered": 100.0, "percent_covered_display": "100.00", "missing_lines": 0, "excluded_lines": 0, "percent_statements_covered": 100.0, "percent_statements_covered_display": "100.00"}, "missing_lines": [], "excluded_lines": []}, "UserCreate": {"executed_lines": [], "summary": {"covered_lines": 0, "num_statements": 6, "percent_covered": 0.0, "percent_covered_display": "0.00", "missing_lines": 6, "excluded_lines": 0, "percent_statements_covered": 0.0, "percent_statements_covered_display": "0.00"}, "missing_lines": [87, 88, 91, 98, 99, 101], "excluded_lines": []}, "UserResponse": {"executed_lines": [], "summary": {"covered_lines": 0, "num_statements": 0, "percent_covered": 100.0, "percent_covered_display": "100.00", "missing_lines": 0, "excluded_lines": 0, "percent_statements_covered": 100.0, "percent_statements_covered_display": "100.00"}, "missing_lines": [], "excluded_lines": []}, "Token": {"executed_lines": [], "summary": {"covered_lines": 0, "num_statements": 0, "percent_covered": 100.0, "percent_covered_display": "100.00", "missing_lines": 0, "excluded_lines": 0, "percent_statements_covered": 100.0, "percent_statements_covered_display": "100.00"}, "missing_lines": [], "excluded_lines": []}, "TokenData": {"executed_lines": [], "summary": {"covered_lines": 0, "num_statements": 0, "percent_covered": 100.0, "percent_covered_display": "100.00", "missing_lines": 0, "excluded_lines": 0, "percent_statements_covered": 100.0, "percent_statements_covered_display": "100.00"}, "missing_lines": [], "excluded_lines": []}, "": {"executed_lines": [1, 15, 16, 17, 18, 20, 23, 24, 26, 27, 30, 31, 43, 44, 47, 48, 49, 50, 51, 52, 53, 54, 56, 57, 63, 64, 67, 68, 70, 72, 74, 75, 104, 105, 113, 114, 115, 120, 121, 124, 125, 126, 129, 130], "summary": {"covered_lines": 37, "num_statements": 37, "percent_covered": 100.0, "percent_covered_display": "100.00", "missing_lines": 0, "excluded_lines": 0, "percent_statements_covered": 100.0, "percent_statements_covered_display": "100.00"}, "missing_lines": [], "excluded_lines": []}}}, "app/security/__init__.py": {"executed_lines": [1], "summary": {"covered_lines": 0, "num_statements": 0, "percent_covered": 100.0, "percent_covered_display": "100.00", "missing_lines": 0, "excluded_lines": 0, "percent_statements_covered": 100.0, "percent_statements_covered_display": "100.00"}, "missing_lines": [], "excluded_lines": [], "functions": {"": {"executed_lines": [1], "summary": {"covered_lines": 0, "num_statements": 0, "percent_covered": 100.0, "percent_covered_display": "100.00", "missing_lines": 0, "excluded_lines": 0, "percent_statements_covered": 100.0, "percent_statements_covered_display": "100.00"}, "missing_lines": [], "excluded_lines": []}}, "classes": {"": {"executed_lines": [1], "summary": {"covered_lines": 0, "num_statements": 0, "percent_covered": 100.0, "percent_covered_display": "100.00", "missing_lines": 0, "excluded_lines": 0, "percent_statements_covered": 100.0, "percent_statements_covered_display": "100.00"}, "missing_lines": [], "excluded_lines": []}}}, "app/security/csrf.py": {"executed_lines": [1, 11, 12, 14, 15, 16, 19, 20, 29, 32, 35, 38, 39, 40, 41, 44, 47, 50, 61, 64, 65, 67, 70, 94, 115], "summary": {"covered_lines": 23, "num_statements": 37, "percent_covered": 62.16216216216216, "percent_covered_display": "62.16", "missing_lines": 14, "excluded_lines": 0, "percent_statements_covered": 62.16216216216216, "percent_statements_covered_display": "62.16"}, "missing_lines": [80, 83, 84, 87, 88, 89, 91, 105, 106, 109, 110, 112, 131, 132], "excluded_lines": [], "functions": {"get_csrf_config": {"executed_lines": [67], "summary": {"covered_lines": 1, "num_statements": 1, "percent_covered": 100.0, "percent_covered_display": "100.00", "missing_lines": 0, "excluded_lines": 0, "percent_statements_covered": 100.0, "percent_statements_covered_display": "100.00"}, "missing_lines": [], "excluded_lines": []}, "is_csrf_exempt": {"executed_lines": [], "summary": {"covered_lines": 0, "num_statements": 7, "percent_covered": 0.0, "percent_covered_display": "0.00", "missing_lines": 7, "excluded_lines": 0, "percent_statements_covered": 0.0, "percent_statements_covered_display": "0.00"}, "missing_lines": [80, 83, 84, 87, 88, 89, 91], "excluded_lines": []}, "requires_csrf_protection": {"executed_lines": [], "summary": {"covered_lines": 0, "num_statements": 5, "percent_covered": 0.0, "percent_covered_display": "0.00", "missing_lines": 5, "excluded_lines": 0, "percent_statements_covered": 0.0, "percent_statements_covered_display": "0.00"}, "missing_lines": [105, 106, 109, 110, 112], "excluded_lines": []}, "validate_csrf_token": {"executed_lines": [], "summary": {"covered_lines": 0, "num_statements": 2, "percent_covered": 0.0, "percent_covered_display": "0.00", "missing_lines": 2, "excluded_lines": 0, "percent_statements_covered": 0.0, "percent_statements_covered_display": "0.00"}, "missing_lines": [131, 132], "excluded_lines": []}, "": {"executed_lines": [1, 11, 12, 14, 15, 16, 19, 20, 29, 32, 35, 38, 39, 40, 41, 44, 47, 50, 61, 64, 65, 70, 94, 115], "summary": {"covered_lines": 22, "num_statements": 22, "percent_covered": 100.0, "percent_covered_display": "100.00", "missing_lines": 0, "excluded_lines": 0, "percent_statements_covered": 100.0, "percent_statements_covered_display": "100.00"}, "missing_lines": [], "excluded_lines": []}}, "classes": {"CsrfSettings": {"executed_lines": [], "summary": {"covered_lines": 0, "num_statements": 0, "percent_covered": 100.0, "percent_covered_display": "100.00", "missing_lines": 0, "excluded_lines": 0, "percent_statements_covered": 100.0, "percent_statements_covered_display": "100.00"}, "missing_lines": [], "excluded_lines": []}, "": {"executed_lines": [1, 11, 12, 14, 15, 16, 19, 20, 29, 32, 35, 38, 39, 40, 41, 44, 47, 50, 61, 64, 65, 67, 70, 94, 115], "summary": {"covered_lines": 23, "num_statements": 37, "percent_covered": 62.16216216216216, "percent_covered_display": "62.16", "missing_lines": 14, "excluded_lines": 0, "percent_statements_covered": 62.16216216216216, "percent_statements_covered_display": "62.16"}, "missing_lines": [80, 83, 84, 87, 88, 89, 91, 105, 106, 109, 110, 112, 131, 132], "excluded_lines": []}}}, "app/services/analyzer.py": {"executed_lines": [1, 6, 7, 8, 9, 10, 12, 13, 14, 16, 19, 91, 92, 96, 109, 152, 153, 157, 170, 267, 300, 373, 376], "summary": {"covered_lines": 20, "num_statements": 120, "percent_covered": 16.666666666666668, "percent_covered_display": "16.67", "missing_lines": 100, "excluded_lines": 0, "percent_statements_covered": 16.666666666666668, "percent_statements_covered_display": "16.67"}, "missing_lines": [29, 30, 33, 34, 41, 42, 43, 50, 51, 57, 58, 61, 62, 65, 66, 69, 70, 73, 74, 80, 81, 84, 85, 88, 103, 104, 105, 106, 107, 129, 130, 131, 132, 133, 135, 136, 146, 162, 163, 164, 167, 168, 195, 198, 201, 204, 205, 206, 207, 212, 214, 223, 224, 226, 228, 230, 236, 238, 239, 245, 247, 252, 254, 255, 257, 258, 265, 281, 282, 284, 287, 298, 317, 319, 321, 322, 325, 326, 329, 330, 331, 334, 336, 337, 339, 340, 342, 343, 345, 348, 349, 352, 353, 359, 364, 366, 384, 385, 386, 387], "excluded_lines": [], "functions": {"translate_error_to_human": {"executed_lines": [], "summary": {"covered_lines": 0, "num_statements": 24, "percent_covered": 0.0, "percent_covered_display": "0.00", "missing_lines": 24, "excluded_lines": 0, "percent_statements_covered": 0.0, "percent_statements_covered_display": "0.00"}, "missing_lines": [29, 30, 33, 34, 41, 42, 43, 50, 51, 57, 58, 61, 62, 65, 66, 69, 70, 73, 74, 80, 81, 84, 85, 88], "excluded_lines": []}, "ProgressCallback.__init__": {"executed_lines": [], "summary": {"covered_lines": 0, "num_statements": 5, "percent_covered": 0.0, "percent_covered_display": "0.00", "missing_lines": 5, "excluded_lines": 0, "percent_statements_covered": 0.0, "percent_statements_covered_display": "0.00"}, "missing_lines": [103, 104, 105, 106, 107], "excluded_lines": []}, "ProgressCallback.update": {"executed_lines": [], "summary": {"covered_lines": 0, "num_statements": 8, "percent_covered": 0.0, "percent_covered_display": "0.00", "missing_lines": 8, "excluded_lines": 0, "percent_statements_covered": 0.0, "percent_statements_covered_display": "0.00"}, "missing_lines": [129, 130, 131, 132, 133, 135, 136, 146], "excluded_lines": []}, "AnalyzerService.__init__": {"executed_lines": [], "summary": {"covered_lines": 0, "num_statements": 5, "percent_covered": 0.0, "percent_covered_display": "0.00", "missing_lines": 5, "excluded_lines": 0, "percent_statements_covered": 0.0, "percent_statements_covered_display": "0.00"}, "missing_lines": [162, 163, 164, 167, 168], "excluded_lines": []}, "AnalyzerService.analyze_pcap": {"executed_lines": [], "summary": {"covered_lines": 0, "num_statements": 23, "percent_covered": 0.0, "percent_covered_display": "0.00", "missing_lines": 23, "excluded_lines": 0, "percent_statements_covered": 0.0, "percent_statements_covered_display": "0.00"}, "missing_lines": [195, 198, 201, 204, 205, 206, 207, 223, 224, 226, 228, 230, 236, 238, 239, 245, 247, 252, 254, 255, 257, 258, 265], "excluded_lines": []}, "AnalyzerService.analyze_pcap.sync_callback_wrapper": {"executed_lines": [], "summary": {"covered_lines": 0, "num_statements": 2, "percent_covered": 0.0, "percent_covered_display": "0.00", "missing_lines": 2, "excluded_lines": 0, "percent_statements_covered": 0.0, "percent_statements_covered_display": "0.00"}, "missing_lines": [212, 214], "excluded_lines": []}, "AnalyzerService._run_analysis_sync": {"executed_lines": [], "summary": {"covered_lines": 0, "num_statements": 5, "percent_covered": 0.0, "percent_covered_display": "0.00", "missing_lines": 5, "excluded_lines": 0, "percent_statements_covered": 0.0, "percent_statements_covered_display": "0.00"}, "missing_lines": [281, 282, 284, 287, 298], "excluded_lines": []}, "AnalyzerService._generate_reports": {"executed_lines": [], "summary": {"covered_lines": 0, "num_statements": 24, "percent_covered": 0.0, "percent_covered_display": "0.00", "missing_lines": 24, "excluded_lines": 0, "percent_statements_covered": 0.0, "percent_statements_covered_display": "0.00"}, "missing_lines": [317, 319, 321, 322, 325, 326, 329, 330, 331, 334, 336, 337, 339, 340, 342, 343, 345, 348, 349, 352, 353, 359, 364, 366], "excluded_lines": []}, "get_analyzer_service": {"executed_lines": [], "summary": {"covered_lines": 0, "num_statements": 4, "percent_covered": 0.0, "percent_covered_display": "0.00", "missing_lines": 4, "excluded_lines": 0, "percent_statements_covered": 0.0, "percent_statements_covered_display": "0.00"}, "missing_lines": [384, 385, 386, 387], "excluded_lines": []}, "": {"executed_lines": [1, 6, 7, 8, 9, 10, 12, 13, 14, 16, 19, 91, 92, 96, 109, 152, 153, 157, 170, 267, 300, 373, 376], "summary": {"covered_lines": 20, "num_statements": 20, "percent_covered": 100.0, "percent_covered_display": "100.00", "missing_lines": 0, "excluded_lines": 0, "percent_statements_covered": 100.0, "percent_statements_covered_display": "100.00"}, "missing_lines": [], "excluded_lines": []}}, "classes": {"ProgressCallback": {"executed_lines": [], "summary": {"covered_lines": 0, "num_statements": 13, "percent_covered": 0.0, "percent_covered_display": "0.00", "missing_lines": 13, "excluded_lines": 0, "percent_statements_covered": 0.0, "percent_statements_covered_display": "0.00"}, "missing_lines": [103, 104, 105, 106, 107, 129, 130, 131, 132, 133, 135, 136, 146], "excluded_lines": []}, "AnalyzerService": {"executed_lines": [], "summary": {"covered_lines": 0, "num_statements": 59, "percent_covered": 0.0, "percent_covered_display": "0.00", "missing_lines": 59, "excluded_lines": 0, "percent_statements_covered": 0.0, "percent_statements_covered_display": "0.00"}, "missing_lines": [162, 163, 164, 167, 168, 195, 198, 201, 204, 205, 206, 207, 212, 214, 223, 224, 226, 228, 230, 236, 238, 239, 245, 247, 252, 254, 255, 257, 258, 265, 281, 282, 284, 287, 298, 317, 319, 321, 322, 325, 326, 329, 330, 331, 334, 336, 337, 339, 340, 342, 343, 345, 348, 349, 352, 353, 359, 364, 366], "excluded_lines": []}, "": {"executed_lines": [1, 6, 7, 8, 9, 10, 12, 13, 14, 16, 19, 91, 92, 96, 109, 152, 153, 157, 170, 267, 300, 373, 376], "summary": {"covered_lines": 20, "num_statements": 48, "percent_covered": 41.666666666666664, "percent_covered_display": "41.67", "missing_lines": 28, "excluded_lines": 0, "percent_statements_covered": 41.666666666666664, "percent_statements_covered_display": "41.67"}, "missing_lines": [29, 30, 33, 34, 41, 42, 43, 50, 51, 57, 58, 61, 62, 65, 66, 69, 70, 73, 74, 80, 81, 84, 85, 88, 384, 385, 386, 387], "excluded_lines": []}}}, "app/services/cleanup.py": {"executed_lines": [1, 6, 7, 8, 9, 11, 12, 14, 17, 18, 25, 31, 32, 33, 36, 45, 53, 59, 65, 116, 163], "summary": {"covered_lines": 19, "num_statements": 70, "percent_covered": 27.142857142857142, "percent_covered_display": "27.14", "missing_lines": 51, "excluded_lines": 0, "percent_statements_covered": 27.142857142857142, "percent_statements_covered_display": "27.14"}, "missing_lines": [55, 56, 57, 61, 62, 63, 72, 73, 75, 77, 78, 81, 82, 84, 85, 86, 89, 90, 91, 94, 95, 97, 98, 99, 100, 101, 103, 109, 110, 112, 128, 130, 132, 135, 139, 140, 141, 143, 148, 149, 157, 159, 160, 171, 172, 173, 174, 175, 177, 179, 180], "excluded_lines": [], "functions": {"CleanupScheduler.__init__": {"executed_lines": [31, 32, 33, 36, 45], "summary": {"covered_lines": 5, "num_statements": 5, "percent_covered": 100.0, "percent_covered_display": "100.00", "missing_lines": 0, "excluded_lines": 0, "percent_statements_covered": 100.0, "percent_statements_covered_display": "100.00"}, "missing_lines": [], "excluded_lines": []}, "CleanupScheduler.start": {"executed_lines": [], "summary": {"covered_lines": 0, "num_statements": 3, "percent_covered": 0.0, "percent_covered_display": "0.00", "missing_lines": 3, "excluded_lines": 0, "percent_statements_covered": 0.0, "percent_statements_covered_display": "0.00"}, "missing_lines": [55, 56, 57], "excluded_lines": []}, "CleanupScheduler.stop": {"executed_lines": [], "summary": {"covered_lines": 0, "num_statements": 3, "percent_covered": 0.0, "percent_covered_display": "0.00", "missing_lines": 3, "excluded_lines": 0, "percent_statements_covered": 0.0, "percent_statements_covered_display": "0.00"}, "missing_lines": [61, 62, 63], "excluded_lines": []}, "CleanupScheduler.cleanup_old_files": {"executed_lines": [], "summary": {"covered_lines": 0, "num_statements": 24, "percent_covered": 0.0, "percent_covered_display": "0.00", "missing_lines": 24, "excluded_lines": 0, "percent_statements_covered": 0.0, "percent_statements_covered_display": "0.00"}, "missing_lines": [72, 73, 75, 77, 78, 81, 82, 84, 85, 86, 89, 90, 91, 94, 95, 97, 98, 99, 100, 101, 103, 109, 110, 112], "excluded_lines": []}, "CleanupScheduler.cleanup_orphaned_tasks": {"executed_lines": [], "summary": {"covered_lines": 0, "num_statements": 13, "percent_covered": 0.0, "percent_covered_display": "0.00", "missing_lines": 13, "excluded_lines": 0, "percent_statements_covered": 0.0, "percent_statements_covered_display": "0.00"}, "missing_lines": [128, 130, 132, 135, 139, 140, 141, 143, 148, 149, 157, 159, 160], "excluded_lines": []}, "CleanupScheduler.delete_file": {"executed_lines": [], "summary": {"covered_lines": 0, "num_statements": 8, "percent_covered": 0.0, "percent_covered_display": "0.00", "missing_lines": 8, "excluded_lines": 0, "percent_statements_covered": 0.0, "percent_statements_covered_display": "0.00"}, "missing_lines": [171, 172, 173, 174, 175, 177, 179, 180], "excluded_lines": []}, "": {"executed_lines": [1, 6, 7, 8, 9, 11, 12, 14, 17, 18, 25, 53, 59, 65, 116, 163], "summary": {"covered_lines": 14, "num_statements": 14, "percent_covered": 100.0, "percent_covered_display": "100.00", "missing_lines": 0, "excluded_lines": 0, "percent_statements_covered": 100.0, "percent_statements_covered_display": "100.00"}, "missing_lines": [], "excluded_lines": []}}, "classes": {"CleanupScheduler": {"executed_lines": [31, 32, 33, 36, 45], "summary": {"covered_lines": 5, "num_statements": 56, "percent_covered": 8.928571428571429, "percent_covered_display": "8.93", "missing_lines": 51, "excluded_lines": 0, "percent_statements_covered": 8.928571428571429, "percent_statements_covered_display": "8.93"}, "missing_lines": [55, 56, 57, 61, 62, 63, 72, 73, 75, 77, 78, 81, 82, 84, 85, 86, 89, 90, 91, 94, 95, 97, 98, 99, 100, 101, 103, 109, 110, 112, 128, 130, 132, 135, 139, 140, 141, 143, 148, 149, 157, 159, 160, 171, 172, 173, 174, 175, 177, 179, 180], "excluded_lines": []}, "": {"executed_lines": [1, 6, 7, 8, 9, 11, 12, 14, 17, 18, 25, 53, 59, 65, 116, 163], "summary": {"covered_lines": 14, "num_statements": 14, "percent_covered": 100.0, "percent_covered_display": "100.00", "missing_lines": 0, "excluded_lines": 0, "percent_statements_covered": 100.0, "percent_statements_covered_display": "100.00"}, "missing_lines": [], "excluded_lines": []}}}, "app/services/database.py": {"executed_lines": [1, 6, 7, 8, 9, 10, 12, 13, 15, 18, 40, 81, 82, 88, 95, 113, 155, 197, 222, 253, 318, 356, 384, 437, 495, 537, 567, 591, 594], "summary": {"covered_lines": 27, "num_statements": 123, "percent_covered": 21.951219512195124, "percent_covered_display": "21.95", "missing_lines": 96, "excluded_lines": 0, "percent_statements_covered": 21.951219512195124, "percent_statements_covered_display": "21.95"}, "missing_lines": [28, 29, 30, 32, 33, 35, 36, 93, 103, 105, 107, 108, 111, 132, 134, 142, 144, 146, 165, 174, 176, 177, 180, 206, 208, 209, 214, 218, 220, 240, 249, 251, 264, 266, 280, 292, 294, 295, 296, 297, 316, 328, 330, 341, 344, 348, 349, 351, 352, 354, 364, 366, 375, 376, 377, 378, 379, 380, 382, 398, 400, 401, 409, 410, 418, 419, 428, 433, 435, 459, 462, 480, 483, 491, 493, 506, 517, 519, 520, 521, 535, 547, 549, 558, 560, 562, 563, 565, 574, 575, 577, 585, 587, 602, 605, 606], "excluded_lines": [], "functions": {"_parse_timestamp": {"executed_lines": [], "summary": {"covered_lines": 0, "num_statements": 7, "percent_covered": 0.0, "percent_covered_display": "0.00", "missing_lines": 7, "excluded_lines": 0, "percent_statements_covered": 0.0, "percent_statements_covered_display": "0.00"}, "missing_lines": [28, 29, 30, 32, 33, 35, 36], "excluded_lines": []}, "DatabaseService.__init__": {"executed_lines": [], "summary": {"covered_lines": 0, "num_statements": 1, "percent_covered": 0.0, "percent_covered_display": "0.00", "missing_lines": 1, "excluded_lines": 0, "percent_statements_covered": 0.0, "percent_statements_covered_display": "0.00"}, "missing_lines": [93], "excluded_lines": []}, "DatabaseService.init_db": {"executed_lines": [], "summary": {"covered_lines": 0, "num_statements": 5, "percent_covered": 0.0, "percent_covered_display": "0.00", "missing_lines": 5, "excluded_lines": 0, "percent_statements_covered": 0.0, "percent_statements_covered_display": "0.00"}, "missing_lines": [103, 105, 107, 108, 111], "excluded_lines": []}, "DatabaseService.create_task": {"executed_lines": [], "summary": {"covered_lines": 0, "num_statements": 5, "percent_covered": 0.0, "percent_covered_display": "0.00", "missing_lines": 5, "excluded_lines": 0, "percent_statements_covered": 0.0, "percent_statements_covered_display": "0.00"}, "missing_lines": [132, 134, 142, 144, 146], "excluded_lines": []}, "DatabaseService.get_task": {"executed_lines": [], "summary": {"covered_lines": 0, "num_statements": 5, "percent_covered": 0.0, "percent_covered_display": "0.00", "missing_lines": 5, "excluded_lines": 0, "percent_statements_covered": 0.0, "percent_statements_covered_display": "0.00"}, "missing_lines": [165, 174, 176, 177, 180], "excluded_lines": []}, "DatabaseService.update_status": {"executed_lines": [], "summary": {"covered_lines": 0, "num_statements": 6, "percent_covered": 0.0, "percent_covered_display": "0.00", "missing_lines": 6, "excluded_lines": 0, "percent_statements_covered": 0.0, "percent_statements_covered_display": "0.00"}, "missing_lines": [206, 208, 209, 214, 218, 220], "excluded_lines": []}, "DatabaseService.update_results": {"executed_lines": [], "summary": {"covered_lines": 0, "num_statements": 3, "percent_covered": 0.0, "percent_covered_display": "0.00", "missing_lines": 3, "excluded_lines": 0, "percent_statements_covered": 0.0, "percent_statements_covered_display": "0.00"}, "missing_lines": [240, 249, 251], "excluded_lines": []}, "DatabaseService.get_recent_tasks": {"executed_lines": [], "summary": {"covered_lines": 0, "num_statements": 9, "percent_covered": 0.0, "percent_covered_display": "0.00", "missing_lines": 9, "excluded_lines": 0, "percent_statements_covered": 0.0, "percent_statements_covered_display": "0.00"}, "missing_lines": [264, 266, 280, 292, 294, 295, 296, 297, 316], "excluded_lines": []}, "DatabaseService.mark_expired_tasks": {"executed_lines": [], "summary": {"covered_lines": 0, "num_statements": 9, "percent_covered": 0.0, "percent_covered_display": "0.00", "missing_lines": 9, "excluded_lines": 0, "percent_statements_covered": 0.0, "percent_statements_covered_display": "0.00"}, "missing_lines": [328, 330, 341, 344, 348, 349, 351, 352, 354], "excluded_lines": []}, "DatabaseService.get_stats": {"executed_lines": [], "summary": {"covered_lines": 0, "num_statements": 9, "percent_covered": 0.0, "percent_covered_display": "0.00", "missing_lines": 9, "excluded_lines": 0, "percent_statements_covered": 0.0, "percent_statements_covered_display": "0.00"}, "missing_lines": [364, 366, 375, 376, 377, 378, 379, 380, 382], "excluded_lines": []}, "DatabaseService.update_heartbeat": {"executed_lines": [], "summary": {"covered_lines": 0, "num_statements": 10, "percent_covered": 0.0, "percent_covered_display": "0.00", "missing_lines": 10, "excluded_lines": 0, "percent_statements_covered": 0.0, "percent_statements_covered_display": "0.00"}, "missing_lines": [398, 400, 401, 409, 410, 418, 419, 428, 433, 435], "excluded_lines": []}, "DatabaseService.create_progress_snapshot": {"executed_lines": [], "summary": {"covered_lines": 0, "num_statements": 6, "percent_covered": 0.0, "percent_covered_display": "0.00", "missing_lines": 6, "excluded_lines": 0, "percent_statements_covered": 0.0, "percent_statements_covered_display": "0.00"}, "missing_lines": [459, 462, 480, 483, 491, 493], "excluded_lines": []}, "DatabaseService.get_progress_history": {"executed_lines": [], "summary": {"covered_lines": 0, "num_statements": 6, "percent_covered": 0.0, "percent_covered_display": "0.00", "missing_lines": 6, "excluded_lines": 0, "percent_statements_covered": 0.0, "percent_statements_covered_display": "0.00"}, "missing_lines": [506, 517, 519, 520, 521, 535], "excluded_lines": []}, "DatabaseService.find_orphaned_tasks": {"executed_lines": [], "summary": {"covered_lines": 0, "num_statements": 7, "percent_covered": 0.0, "percent_covered_display": "0.00", "missing_lines": 7, "excluded_lines": 0, "percent_statements_covered": 0.0, "percent_statements_covered_display": "0.00"}, "missing_lines": [547, 549, 558, 560, 562, 563, 565], "excluded_lines": []}, "DatabaseService.mark_task_as_failed_orphan": {"executed_lines": [], "summary": {"covered_lines": 0, "num_statements": 5, "percent_covered": 0.0, "percent_covered_display": "0.00", "missing_lines": 5, "excluded_lines": 0, "percent_statements_covered": 0.0, "percent_statements_covered_display": "0.00"}, "missing_lines": [574, 575, 577, 585, 587], "excluded_lines": []}, "get_db_service": {"executed_lines": [], "summary": {"covered_lines": 0, "num_statements": 3, "percent_covered": 0.0, "percent_covered_display": "0.00", "missing_lines": 3, "excluded_lines": 0, "percent_statements_covered": 0.0, "percent_statements_covered_display": "0.00"}, "missing_lines": [602, 605, 606], "excluded_lines": []}, "": {"executed_lines": [1, 6, 7, 8, 9, 10, 12, 13, 15, 18, 40, 81, 82, 88, 95, 113, 155, 197, 222, 253, 318, 356, 384, 437, 495, 537, 567, 591, 594], "summary": {"covered_lines": 27, "num_statements": 27, "percent_covered": 100.0, "percent_covered_display": "100.00", "missing_lines": 0, "excluded_lines": 0, "percent_statements_covered": 100.0, "percent_statements_covered_display": "100.00"}, "missing_lines": [], "excluded_lines": []}}, "classes": {"DatabaseService": {"executed_lines": [], "summary": {"covered_lines": 0, "num_statements": 86, "percent_covered": 0.0, "percent_covered_display": "0.00", "missing_lines": 86, "excluded_lines": 0, "percent_statements_covered": 0.0, "percent_statements_covered_display": "0.00"}, "missing_lines": [93, 103, 105, 107, 108, 111, 132, 134, 142, 144, 146, 165, 174, 176, 177, 180, 206, 208, 209, 214, 218, 220, 240, 249, 251, 264, 266, 280, 292, 294, 295, 296, 297, 316, 328, 330, 341, 344, 348, 349, 351, 352, 354, 364, 366, 375, 376, 377, 378, 379, 380, 382, 398, 400, 401, 409, 410, 418, 419, 428, 433, 435, 459, 462, 480, 483, 491, 493, 506, 517, 519, 520, 521, 535, 547, 549, 558, 560, 562, 563, 565, 574, 575, 577, 585, 587], "excluded_lines": []}, "": {"executed_lines": [1, 6, 7, 8, 9, 10, 12, 13, 15, 18, 40, 81, 82, 88, 95, 113, 155, 197, 222, 253, 318, 356, 384, 437, 495, 537, 567, 591, 594], "summary": {"covered_lines": 27, "num_statements": 37, "percent_covered": 72.97297297297297, "percent_covered_display": "72.97", "missing_lines": 10, "excluded_lines": 0, "percent_statements_covered": 72.97297297297297, "percent_statements_covered_display": "72.97"}, "missing_lines": [28, 29, 30, 32, 33, 35, 36, 602, 605, 606], "excluded_lines": []}}}, "app/services/postgres_database.py": {"executed_lines": [1, 16, 17, 18, 19, 21, 22, 24, 27, 28, 34, 64, 89, 96, 126, 148, 170, 185, 213, 216, 230], "summary": {"covered_lines": 19, "num_statements": 98, "percent_covered": 19.387755102040817, "percent_covered_display": "19.39", "missing_lines": 79, "excluded_lines": 0, "percent_statements_covered": 19.387755102040817, "percent_statements_covered_display": "19.39"}, "missing_lines": [42, 47, 48, 51, 54, 55, 57, 58, 60, 62, 70, 71, 73, 79, 80, 82, 83, 84, 85, 87, 91, 92, 93, 94, 108, 109, 110, 111, 113, 114, 116, 117, 118, 119, 120, 121, 123, 124, 137, 138, 139, 140, 142, 143, 144, 145, 146, 159, 160, 161, 162, 164, 165, 166, 167, 168, 177, 178, 179, 181, 182, 183, 196, 198, 199, 200, 201, 202, 203, 205, 206, 209, 224, 225, 226, 227, 233, 234, 235], "excluded_lines": [], "functions": {"DatabasePool.__init__": {"executed_lines": [], "summary": {"covered_lines": 0, "num_statements": 10, "percent_covered": 0.0, "percent_covered_display": "0.00", "missing_lines": 10, "excluded_lines": 0, "percent_statements_covered": 0.0, "percent_statements_covered_display": "0.00"}, "missing_lines": [42, 47, 48, 51, 54, 55, 57, 58, 60, 62], "excluded_lines": []}, "DatabasePool.connect": {"executed_lines": [], "summary": {"covered_lines": 0, "num_statements": 10, "percent_covered": 0.0, "percent_covered_display": "0.00", "missing_lines": 10, "excluded_lines": 0, "percent_statements_covered": 0.0, "percent_statements_covered_display": "0.00"}, "missing_lines": [70, 71, 73, 79, 80, 82, 83, 84, 85, 87], "excluded_lines": []}, "DatabasePool.close": {"executed_lines": [], "summary": {"covered_lines": 0, "num_statements": 4, "percent_covered": 0.0, "percent_covered_display": "0.00", "missing_lines": 4, "excluded_lines": 0, "percent_statements_covered": 0.0, "percent_statements_covered_display": "0.00"}, "missing_lines": [91, 92, 93, 94], "excluded_lines": []}, "DatabasePool.execute": {"executed_lines": [], "summary": {"covered_lines": 0, "num_statements": 14, "percent_covered": 0.0, "percent_covered_display": "0.00", "missing_lines": 14, "excluded_lines": 0, "percent_statements_covered": 0.0, "percent_statements_covered_display": "0.00"}, "missing_lines": [108, 109, 110, 111, 113, 114, 116, 117, 118, 119, 120, 121, 123, 124], "excluded_lines": []}, "DatabasePool.fetch_one": {"executed_lines": [], "summary": {"covered_lines": 0, "num_statements": 9, "percent_covered": 0.0, "percent_covered_display": "0.00", "missing_lines": 9, "excluded_lines": 0, "percent_statements_covered": 0.0, "percent_statements_covered_display": "0.00"}, "missing_lines": [137, 138, 139, 140, 142, 143, 144, 145, 146], "excluded_lines": []}, "DatabasePool.fetch_all": {"executed_lines": [], "summary": {"covered_lines": 0, "num_statements": 9, "percent_covered": 0.0, "percent_covered_display": "0.00", "missing_lines": 9, "excluded_lines": 0, "percent_statements_covered": 0.0, "percent_statements_covered_display": "0.00"}, "missing_lines": [159, 160, 161, 162, 164, 165, 166, 167, 168], "excluded_lines": []}, "DatabasePool.execute_script": {"executed_lines": [], "summary": {"covered_lines": 0, "num_statements": 6, "percent_covered": 0.0, "percent_covered_display": "0.00", "missing_lines": 6, "excluded_lines": 0, "percent_statements_covered": 0.0, "percent_statements_covered_display": "0.00"}, "missing_lines": [177, 178, 179, 181, 182, 183], "excluded_lines": []}, "DatabasePool.translate_query": {"executed_lines": [], "summary": {"covered_lines": 0, "num_statements": 10, "percent_covered": 0.0, "percent_covered_display": "0.00", "missing_lines": 10, "excluded_lines": 0, "percent_statements_covered": 0.0, "percent_statements_covered_display": "0.00"}, "missing_lines": [196, 198, 199, 200, 201, 202, 203, 205, 206, 209], "excluded_lines": []}, "get_db_pool": {"executed_lines": [], "summary": {"covered_lines": 0, "num_statements": 4, "percent_covered": 0.0, "percent_covered_display": "0.00", "missing_lines": 4, "excluded_lines": 0, "percent_statements_covered": 0.0, "percent_statements_covered_display": "0.00"}, "missing_lines": [224, 225, 226, 227], "excluded_lines": []}, "close_db_pool": {"executed_lines": [], "summary": {"covered_lines": 0, "num_statements": 3, "percent_covered": 0.0, "percent_covered_display": "0.00", "missing_lines": 3, "excluded_lines": 0, "percent_statements_covered": 0.0, "percent_statements_covered_display": "0.00"}, "missing_lines": [233, 234, 235], "excluded_lines": []}, "": {"executed_lines": [1, 16, 17, 18, 19, 21, 22, 24, 27, 28, 34, 64, 89, 96, 126, 148, 170, 185, 213, 216, 230], "summary": {"covered_lines": 19, "num_statements": 19, "percent_covered": 100.0, "percent_covered_display": "100.00", "missing_lines": 0, "excluded_lines": 0, "percent_statements_covered": 100.0, "percent_statements_covered_display": "100.00"}, "missing_lines": [], "excluded_lines": []}}, "classes": {"DatabasePool": {"executed_lines": [], "summary": {"covered_lines": 0, "num_statements": 72, "percent_covered": 0.0, "percent_covered_display": "0.00", "missing_lines": 72, "excluded_lines": 0, "percent_statements_covered": 0.0, "percent_statements_covered_display": "0.00"}, "missing_lines": [42, 47, 48, 51, 54, 55, 57, 58, 60, 62, 70, 71, 73, 79, 80, 82, 83, 84, 85, 87, 91, 92, 93, 94, 108, 109, 110, 111, 113, 114, 116, 117, 118, 119, 120, 121, 123, 124, 137, 138, 139, 140, 142, 143, 144, 145, 146, 159, 160, 161, 162, 164, 165, 166, 167, 168, 177, 178, 179, 181, 182, 183, 196, 198, 199, 200, 201, 202, 203, 205, 206, 209], "excluded_lines": []}, "": {"executed_lines": [1, 16, 17, 18, 19, 21, 22, 24, 27, 28, 34, 64, 89, 96, 126, 148, 170, 185, 213, 216, 230], "summary": {"covered_lines": 19, "num_statements": 26, "percent_covered": 73.07692307692308, "percent_covered_display": "73.08", "missing_lines": 7, "excluded_lines": 0, "percent_statements_covered": 73.07692307692308, "percent_statements_covered_display": "73.08"}, "missing_lines": [224, 225, 226, 227, 233, 234, 235], "excluded_lines": []}}}, "app/services/user_database.py": {"executed_lines": [1, 15, 16, 17, 18, 19, 20, 22, 24, 25, 27, 30, 33, 55, 78, 87, 88, 90, 97, 115, 142, 236, 240, 256, 272, 346, 380, 406, 416, 453, 472, 508, 540, 565, 592, 595], "summary": {"covered_lines": 34, "num_statements": 194, "percent_covered": 17.52577319587629, "percent_covered_display": "17.53", "missing_lines": 160, "excluded_lines": 0, "percent_statements_covered": 17.52577319587629, "percent_statements_covered_display": "17.53"}, "missing_lines": [43, 44, 45, 47, 48, 50, 51, 95, 105, 107, 109, 110, 113, 121, 122, 124, 125, 127, 129, 130, 131, 133, 135, 136, 140, 158, 161, 162, 163, 164, 165, 166, 167, 168, 169, 170, 171, 174, 178, 180, 182, 184, 185, 187, 191, 193, 194, 195, 196, 197, 198, 199, 200, 202, 205, 206, 209, 211, 217, 219, 220, 221, 222, 223, 224, 225, 226, 228, 229, 230, 231, 232, 234, 238, 251, 252, 253, 254, 268, 269, 270, 289, 291, 292, 293, 296, 297, 298, 300, 301, 320, 322, 323, 324, 325, 326, 327, 329, 331, 333, 356, 360, 362, 363, 365, 382, 386, 388, 389, 391, 408, 410, 414, 431, 433, 435, 436, 438, 439, 441, 443, 445, 446, 449, 451, 462, 464, 468, 470, 482, 486, 488, 489, 490, 506, 519, 521, 529, 532, 533, 535, 536, 538, 550, 554, 557, 558, 560, 561, 563, 575, 579, 582, 583, 585, 586, 588, 603, 606, 607], "excluded_lines": [], "functions": {"_parse_timestamp": {"executed_lines": [], "summary": {"covered_lines": 0, "num_statements": 7, "percent_covered": 0.0, "percent_covered_display": "0.00", "missing_lines": 7, "excluded_lines": 0, "percent_statements_covered": 0.0, "percent_statements_covered_display": "0.00"}, "missing_lines": [43, 44, 45, 47, 48, 50, 51], "excluded_lines": []}, "UserDatabaseService.__init__": {"executed_lines": [], "summary": {"covered_lines": 0, "num_statements": 1, "percent_covered": 0.0, "percent_covered_display": "0.00", "missing_lines": 1, "excluded_lines": 0, "percent_statements_covered": 0.0, "percent_statements_covered_display": "0.00"}, "missing_lines": [95], "excluded_lines": []}, "UserDatabaseService.init_db": {"executed_lines": [], "summary": {"covered_lines": 0, "num_statements": 5, "percent_covered": 0.0, "percent_covered_display": "0.00", "missing_lines": 5, "excluded_lines": 0, "percent_statements_covered": 0.0, "percent_statements_covered_display": "0.00"}, "missing_lines": [105, 107, 109, 110, 113], "excluded_lines": []}, "UserDatabaseService.migrate_tasks_table": {"executed_lines": [], "summary": {"covered_lines": 0, "num_statements": 12, "percent_covered": 0.0, "percent_covered_display": "0.00", "missing_lines": 12, "excluded_lines": 0, "percent_statements_covered": 0.0, "percent_statements_covered_display": "0.00"}, "missing_lines": [121, 122, 124, 125, 127, 129, 130, 131, 133, 135, 136, 140], "excluded_lines": []}, "UserDatabaseService.create_admin_breakglass_if_not_exists": {"executed_lines": [], "summary": {"covered_lines": 0, "num_statements": 48, "percent_covered": 0.0, "percent_covered_display": "0.00", "missing_lines": 48, "excluded_lines": 0, "percent_statements_covered": 0.0, "percent_statements_covered_display": "0.00"}, "missing_lines": [158, 161, 162, 163, 164, 165, 166, 167, 168, 169, 170, 171, 174, 178, 180, 182, 184, 185, 187, 191, 193, 194, 195, 196, 197, 198, 199, 200, 202, 205, 206, 209, 211, 217, 219, 220, 221, 222, 223, 224, 225, 226, 228, 229, 230, 231, 232, 234], "excluded_lines": []}, "UserDatabaseService._generate_random_password": {"executed_lines": [], "summary": {"covered_lines": 0, "num_statements": 1, "percent_covered": 0.0, "percent_covered_display": "0.00", "missing_lines": 1, "excluded_lines": 0, "percent_statements_covered": 0.0, "percent_statements_covered_display": "0.00"}, "missing_lines": [238], "excluded_lines": []}, "UserDatabaseService.hash_password": {"executed_lines": [], "summary": {"covered_lines": 0, "num_statements": 4, "percent_covered": 0.0, "percent_covered_display": "0.00", "missing_lines": 4, "excluded_lines": 0, "percent_statements_covered": 0.0, "percent_statements_covered_display": "0.00"}, "missing_lines": [251, 252, 253, 254], "excluded_lines": []}, "UserDatabaseService.verify_password": {"executed_lines": [], "summary": {"covered_lines": 0, "num_statements": 3, "percent_covered": 0.0, "percent_covered_display": "0.00", "missing_lines": 3, "excluded_lines": 0, "percent_statements_covered": 0.0, "percent_statements_covered_display": "0.00"}, "missing_lines": [268, 269, 270], "excluded_lines": []}, "UserDatabaseService.create_user": {"executed_lines": [], "summary": {"covered_lines": 0, "num_statements": 19, "percent_covered": 0.0, "percent_covered_display": "0.00", "missing_lines": 19, "excluded_lines": 0, "percent_statements_covered": 0.0, "percent_statements_covered_display": "0.00"}, "missing_lines": [289, 291, 292, 293, 296, 297, 298, 300, 301, 320, 322, 323, 324, 325, 326, 327, 329, 331, 333], "excluded_lines": []}, "UserDatabaseService.get_user_by_username": {"executed_lines": [], "summary": {"covered_lines": 0, "num_statements": 5, "percent_covered": 0.0, "percent_covered_display": "0.00", "missing_lines": 5, "excluded_lines": 0, "percent_statements_covered": 0.0, "percent_statements_covered_display": "0.00"}, "missing_lines": [356, 360, 362, 363, 365], "excluded_lines": []}, "UserDatabaseService.get_user_by_id": {"executed_lines": [], "summary": {"covered_lines": 0, "num_statements": 5, "percent_covered": 0.0, "percent_covered_display": "0.00", "missing_lines": 5, "excluded_lines": 0, "percent_statements_covered": 0.0, "percent_statements_covered_display": "0.00"}, "missing_lines": [382, 386, 388, 389, 391], "excluded_lines": []}, "UserDatabaseService.update_last_login": {"executed_lines": [], "summary": {"covered_lines": 0, "num_statements": 3, "percent_covered": 0.0, "percent_covered_display": "0.00", "missing_lines": 3, "excluded_lines": 0, "percent_statements_covered": 0.0, "percent_statements_covered_display": "0.00"}, "missing_lines": [408, 410, 414], "excluded_lines": []}, "UserDatabaseService.authenticate_user": {"executed_lines": [], "summary": {"covered_lines": 0, "num_statements": 12, "percent_covered": 0.0, "percent_covered_display": "0.00", "missing_lines": 12, "excluded_lines": 0, "percent_statements_covered": 0.0, "percent_statements_covered_display": "0.00"}, "missing_lines": [431, 433, 435, 436, 438, 439, 441, 443, 445, 446, 449, 451], "excluded_lines": []}, "UserDatabaseService.update_password": {"executed_lines": [], "summary": {"covered_lines": 0, "num_statements": 4, "percent_covered": 0.0, "percent_covered_display": "0.00", "missing_lines": 4, "excluded_lines": 0, "percent_statements_covered": 0.0, "percent_statements_covered_display": "0.00"}, "missing_lines": [462, 464, 468, 470], "excluded_lines": []}, "UserDatabaseService.get_all_users": {"executed_lines": [], "summary": {"covered_lines": 0, "num_statements": 6, "percent_covered": 0.0, "percent_covered_display": "0.00", "missing_lines": 6, "excluded_lines": 0, "percent_statements_covered": 0.0, "percent_statements_covered_display": "0.00"}, "missing_lines": [482, 486, 488, 489, 490, 506], "excluded_lines": []}, "UserDatabaseService.approve_user": {"executed_lines": [], "summary": {"covered_lines": 0, "num_statements": 8, "percent_covered": 0.0, "percent_covered_display": "0.00", "missing_lines": 8, "excluded_lines": 0, "percent_statements_covered": 0.0, "percent_statements_covered_display": "0.00"}, "missing_lines": [519, 521, 529, 532, 533, 535, 536, 538], "excluded_lines": []}, "UserDatabaseService.block_user": {"executed_lines": [], "summary": {"covered_lines": 0, "num_statements": 7, "percent_covered": 0.0, "percent_covered_display": "0.00", "missing_lines": 7, "excluded_lines": 0, "percent_statements_covered": 0.0, "percent_statements_covered_display": "0.00"}, "missing_lines": [550, 554, 557, 558, 560, 561, 563], "excluded_lines": []}, "UserDatabaseService.unblock_user": {"executed_lines": [], "summary": {"covered_lines": 0, "num_statements": 7, "percent_covered": 0.0, "percent_covered_display": "0.00", "missing_lines": 7, "excluded_lines": 0, "percent_statements_covered": 0.0, "percent_statements_covered_display": "0.00"}, "missing_lines": [
[...]
ercent_covered": 0.0, "percent_covered_display": "0.00", "missing_lines": 11, "excluded_lines": 0, "percent_statements_covered": 0.0, "percent_statements_covered_display": "0.00"}, "missing_lines": [92, 93, 95, 98, 101, 102, 103, 104, 105, 106, 108], "excluded_lines": []}, "AnalysisWorker.enqueue": {"executed_lines": [], "summary": {"covered_lines": 0, "num_statements": 7, "percent_covered": 0.0, "percent_covered_display": "0.00", "missing_lines": 7, "excluded_lines": 0, "percent_statements_covered": 0.0, "percent_statements_covered_display": "0.00"}, "missing_lines": [121, 123, 124, 125, 126, 127, 128], "excluded_lines": []}, "AnalysisWorker.get_queue_size": {"executed_lines": [], "summary": {"covered_lines": 0, "num_statements": 1, "percent_covered": 0.0, "percent_covered_display": "0.00", "missing_lines": 1, "excluded_lines": 0, "percent_statements_covered": 0.0, "percent_statements_covered_display": "0.00"}, "missing_lines": [132], "excluded_lines": []}, "AnalysisWorker.get_progress_updates": {"executed_lines": [], "summary": {"covered_lines": 0, "num_statements": 1, "percent_covered": 0.0, "percent_covered_display": "0.00", "missing_lines": 1, "excluded_lines": 0, "percent_statements_covered": 0.0, "percent_statements_covered_display": "0.00"}, "missing_lines": [144], "excluded_lines": []}, "AnalysisWorker.clear_progress_updates": {"executed_lines": [], "summary": {"covered_lines": 0, "num_statements": 3, "percent_covered": 0.0, "percent_covered_display": "0.00", "missing_lines": 3, "excluded_lines": 0, "percent_statements_covered": 0.0, "percent_statements_covered_display": "0.00"}, "missing_lines": [148, 149, 150], "excluded_lines": []}, "AnalysisWorker._worker_loop": {"executed_lines": [], "summary": {"covered_lines": 0, "num_statements": 19, "percent_covered": 0.0, "percent_covered_display": "0.00", "missing_lines": 19, "excluded_lines": 0, "percent_statements_covered": 0.0, "percent_statements_covered_display": "0.00"}, "missing_lines": [157, 159, 160, 162, 164, 166, 167, 168, 169, 170, 173, 175, 177, 178, 179, 180, 181, 182, 183], "excluded_lines": []}, "AnalysisWorker._should_persist_progress": {"executed_lines": [], "summary": {"covered_lines": 0, "num_statements": 8, "percent_covered": 0.0, "percent_covered_display": "0.00", "missing_lines": 8, "excluded_lines": 0, "percent_statements_covered": 0.0, "percent_statements_covered_display": "0.00"}, "missing_lines": [201, 204, 205, 208, 209, 212, 213, 215], "excluded_lines": []}, "AnalysisWorker._heartbeat_loop": {"executed_lines": [], "summary": {"covered_lines": 0, "num_statements": 9, "percent_covered": 0.0, "percent_covered_display": "0.00", "missing_lines": 9, "excluded_lines": 0, "percent_statements_covered": 0.0, "percent_statements_covered_display": "0.00"}, "missing_lines": [227, 229, 230, 231, 232, 233, 234, 235, 236], "excluded_lines": []}, "AnalysisWorker._process_task": {"executed_lines": [], "summary": {"covered_lines": 0, "num_statements": 26, "percent_covered": 0.0, "percent_covered_display": "0.00", "missing_lines": 26, "excluded_lines": 0, "percent_statements_covered": 0.0, "percent_statements_covered_display": "0.00"}, "missing_lines": [247, 250, 253, 255, 257, 293, 296, 303, 304, 306, 308, 310, 319, 322, 323, 324, 325, 326, 328, 332, 333, 334, 335, 336, 339, 340], "excluded_lines": []}, "AnalysisWorker._process_task.progress_callback_fn": {"executed_lines": [], "summary": {"covered_lines": 0, "num_statements": 6, "percent_covered": 0.0, "percent_covered_display": "0.00", "missing_lines": 6, "excluded_lines": 0, "percent_statements_covered": 0.0, "percent_statements_covered_display": "0.00"}, "missing_lines": [268, 277, 280, 281, 290, 291], "excluded_lines": []}, "AnalysisWorker._handle_task_error": {"executed_lines": [], "summary": {"covered_lines": 0, "num_statements": 4, "percent_covered": 0.0, "percent_covered_display": "0.00", "missing_lines": 4, "excluded_lines": 0, "percent_statements_covered": 0.0, "percent_statements_covered_display": "0.00"}, "missing_lines": [350, 353, 359, 361], "excluded_lines": []}, "get_worker": {"executed_lines": [], "summary": {"covered_lines": 0, "num_statements": 5, "percent_covered": 0.0, "percent_covered_display": "0.00", "missing_lines": 5, "excluded_lines": 0, "percent_statements_covered": 0.0, "percent_statements_covered_display": "0.00"}, "missing_lines": [376, 377, 378, 379, 380], "excluded_lines": []}, "": {"executed_lines": [1, 6, 7, 8, 9, 10, 11, 12, 13, 15, 16, 17, 19, 22, 23, 24, 29, 30, 31, 32, 33, 35, 40, 41, 49, 80, 90, 110, 130, 134, 146, 152, 185, 217, 238, 342, 365, 368], "summary": {"covered_lines": 35, "num_statements": 35, "percent_covered": 100.0, "percent_covered_display": "100.00", "missing_lines": 0, "excluded_lines": 0, "percent_statements_covered": 100.0, "percent_statements_covered_display": "100.00"}, "missing_lines": [], "excluded_lines": []}}, "classes": {"ProgressUpdate": {"executed_lines": [], "summary": {"covered_lines": 0, "num_statements": 2, "percent_covered": 0.0, "percent_covered_display": "0.00", "missing_lines": 2, "excluded_lines": 0, "percent_statements_covered": 0.0, "percent_statements_covered_display": "0.00"}, "missing_lines": [36, 37], "excluded_lines": []}, "AnalysisWorker": {"executed_lines": [], "summary": {"covered_lines": 0, "num_statements": 109, "percent_covered": 0.0, "percent_covered_display": "0.00", "missing_lines": 109, "excluded_lines": 0, "percent_statements_covered": 0.0, "percent_statements_covered_display": "0.00"}, "missing_lines": [63, 64, 65, 66, 70, 74, 77, 78, 82, 83, 84, 86, 87, 88, 92, 93, 95, 98, 101, 102, 103, 104, 105, 106, 108, 121, 123, 124, 125, 126, 127, 128, 132, 144, 148, 149, 150, 157, 159, 160, 162, 164, 166, 167, 168, 169, 170, 173, 175, 177, 178, 179, 180, 181, 182, 183, 201, 204, 205, 208, 209, 212, 213, 215, 227, 229, 230, 231, 232, 233, 234, 235, 236, 247, 250, 253, 255, 257, 268, 277, 280, 281, 290, 291, 293, 296, 303, 304, 306, 308, 310, 319, 322, 323, 324, 325, 326, 328, 332, 333, 334, 335, 336, 339, 340, 350, 353, 359, 361], "excluded_lines": []}, "": {"executed_lines": [1, 6, 7, 8, 9, 10, 11, 12, 13, 15, 16, 17, 19, 22, 23, 24, 29, 30, 31, 32, 33, 35, 40, 41, 49, 80, 90, 110, 130, 134, 146, 152, 185, 217, 238, 342, 365, 368], "summary": {"covered_lines": 35, "num_statements": 40, "percent_covered": 87.5, "percent_covered_display": "87.50", "missing_lines": 5, "excluded_lines": 0, "percent_statements_covered": 87.5, "percent_statements_covered_display": "87.50"}, "missing_lines": [376, 377, 378, 379, 380], "excluded_lines": []}}}, "app/utils/__init__.py": {"executed_lines": [1], "summary": {"covered_lines": 0, "num_statements": 0, "percent_covered": 100.0, "percent_covered_display": "100.00", "missing_lines": 0, "excluded_lines": 0, "percent_statements_covered": 100.0, "percent_statements_covered_display": "100.00"}, "missing_lines": [], "excluded_lines": [], "functions": {"": {"executed_lines": [1], "summary": {"covered_lines": 0, "num_statements": 0, "percent_covered": 100.0, "percent_covered_display": "100.00", "missing_lines": 0, "excluded_lines": 0, "percent_statements_covered": 100.0, "percent_statements_covered_display": "100.00"}, "missing_lines": [], "excluded_lines": []}}, "classes": {"": {"executed_lines": [1], "summary": {"covered_lines": 0, "num_statements": 0, "percent_covered": 100.0, "percent_covered_display": "100.00", "missing_lines": 0, "excluded_lines": 0, "percent_statements_covered": 100.0, "percent_statements_covered_display": "100.00"}, "missing_lines": [], "excluded_lines": []}}}, "app/utils/file_validator.py": {"executed_lines": [1, 16, 17, 18, 20, 22, 25, 26, 27, 30, 31, 32, 33, 36, 82, 124, 167], "summary": {"covered_lines": 16, "num_statements": 63, "percent_covered": 25.396825396825395, "percent_covered_display": "25.40", "missing_lines": 47, "excluded_lines": 0, "percent_statements_covered": 25.396825396825395, "percent_statements_covered_display": "25.40"}, "missing_lines": [58, 59, 60, 62, 63, 64, 65, 67, 70, 71, 74, 79, 101, 102, 107, 109, 110, 111, 112, 113, 114, 116, 117, 118, 141, 143, 144, 146, 149, 150, 156, 157, 161, 191, 192, 195, 196, 199, 200, 201, 203, 204, 209, 212, 215, 217, 222], "excluded_lines": [], "functions": {"validate_upload_size_streaming": {"executed_lines": [], "summary": {"covered_lines": 0, "num_statements": 12, "percent_covered": 0.0, "percent_covered_display": "0.00", "missing_lines": 12, "excluded_lines": 0, "percent_statements_covered": 0.0, "percent_statements_covered_display": "0.00"}, "missing_lines": [58, 59, 60, 62, 63, 64, 65, 67, 70, 71, 74, 79], "excluded_lines": []}, "validate_pcap_magic_bytes_streaming": {"executed_lines": [], "summary": {"covered_lines": 0, "num_statements": 12, "percent_covered": 0.0, "percent_covered_display": "0.00", "missing_lines": 12, "excluded_lines": 0, "percent_statements_covered": 0.0, "percent_statements_covered_display": "0.00"}, "missing_lines": [101, 102, 107, 109, 110, 111, 112, 113, 114, 116, 117, 118], "excluded_lines": []}, "detect_decompression_bomb": {"executed_lines": [], "summary": {"covered_lines": 0, "num_statements": 9, "percent_covered": 0.0, "percent_covered_display": "0.00", "missing_lines": 9, "excluded_lines": 0, "percent_statements_covered": 0.0, "percent_statements_covered_display": "0.00"}, "missing_lines": [141, 143, 144, 146, 149, 150, 156, 157, 161], "excluded_lines": []}, "validate_pcap_upload_complete": {"executed_lines": [], "summary": {"covered_lines": 0, "num_statements": 14, "percent_covered": 0.0, "percent_covered_display": "0.00", "missing_lines": 14, "excluded_lines": 0, "percent_statements_covered": 0.0, "percent_statements_covered_display": "0.00"}, "missing_lines": [191, 192, 195, 196, 199, 200, 201, 203, 204, 209, 212, 215, 217, 222], "excluded_lines": []}, "": {"executed_lines": [1, 16, 17, 18, 20, 22, 25, 26, 27, 30, 31, 32, 33, 36, 82, 124, 167], "summary": {"covered_lines": 16, "num_statements": 16, "percent_covered": 100.0, "percent_covered_display": "100.00", "missing_lines": 0, "excluded_lines": 0, "percent_statements_covered": 100.0, "percent_statements_covered_display": "100.00"}, "missing_lines": [], "excluded_lines": []}}, "classes": {"": {"executed_lines": [1, 16, 17, 18, 20, 22, 25, 26, 27, 30, 31, 32, 33, 36, 82, 124, 167], "summary": {"covered_lines": 16, "num_statements": 63, "percent_covered": 25.396825396825395, "percent_covered_display": "25.40", "missing_lines": 47, "excluded_lines": 0, "percent_statements_covered": 25.396825396825395, "percent_statements_covered_display": "25.40"}, "missing_lines": [58, 59, 60, 62, 63, 64, 65, 67, 70, 71, 74, 79, 101, 102, 107, 109, 110, 111, 112, 113, 114, 116, 117, 118, 141, 143, 144, 146, 149, 150, 156, 157, 161, 191, 192, 195, 196, 199, 200, 201, 203, 204, 209, 212, 215, 217, 222], "excluded_lines": []}}}, "app/utils/path_validator.py": {"executed_lines": [1, 13, 14, 15, 18, 54, 134], "summary": {"covered_lines": 6, "num_statements": 34, "percent_covered": 17.647058823529413, "percent_covered_display": "17.65", "missing_lines": 28, "excluded_lines": 0, "percent_statements_covered": 17.647058823529413, "percent_statements_covered_display": "17.65"}, "missing_lines": [43, 45, 46, 51, 85, 88, 89, 95, 96, 102, 103, 109, 110, 111, 117, 118, 119, 125, 126, 131, 163, 165, 166, 169, 170, 175, 177, 178], "excluded_lines": [], "functions": {"validate_task_id": {"executed_lines": [], "summary": {"covered_lines": 0, "num_statements": 4, "percent_covered": 0.0, "percent_covered_display": "0.00", "missing_lines": 4, "excluded_lines": 0, "percent_statements_covered": 0.0, "percent_statements_covered_display": "0.00"}, "missing_lines": [43, 45, 46, 51], "excluded_lines": []}, "validate_filename": {"executed_lines": [], "summary": {"covered_lines": 0, "num_statements": 16, "percent_covered": 0.0, "percent_covered_display": "0.00", "missing_lines": 16, "excluded_lines": 0, "percent_statements_covered": 0.0, "percent_statements_covered_display": "0.00"}, "missing_lines": [85, 88, 89, 95, 96, 102, 103, 109, 110, 111, 117, 118, 119, 125, 126, 131], "excluded_lines": []}, "validate_path_in_directory": {"executed_lines": [], "summary": {"covered_lines": 0, "num_statements": 8, "percent_covered": 0.0, "percent_covered_display": "0.00", "missing_lines": 8, "excluded_lines": 0, "percent_statements_covered": 0.0, "percent_statements_covered_display": "0.00"}, "missing_lines": [163, 165, 166, 169, 170, 175, 177, 178], "excluded_lines": []}, "": {"executed_lines": [1, 13, 14, 15, 18, 54, 134], "summary": {"covered_lines": 6, "num_statements": 6, "percent_covered": 100.0, "percent_covered_display": "100.00", "missing_lines": 0, "excluded_lines": 0, "percent_statements_covered": 100.0, "percent_statements_covered_display": "100.00"}, "missing_lines": [], "excluded_lines": []}}, "classes": {"": {"executed_lines": [1, 13, 14, 15, 18, 54, 134], "summary": {"covered_lines": 6, "num_statements": 34, "percent_covered": 17.647058823529413, "percent_covered_display": "17.65", "missing_lines": 28, "excluded_lines": 0, "percent_statements_covered": 17.647058823529413, "percent_statements_covered_display": "17.65"}, "missing_lines": [43, 45, 46, 51, 85, 88, 89, 95, 96, 102, 103, 109, 110, 111, 117, 118, 119, 125, 126, 131, 163, 165, 166, 169, 170, 175, 177, 178], "excluded_lines": []}}}, "src/utils/decompression_monitor.py": {"executed_lines": [2, 32, 33, 34, 36, 40, 41, 42, 45, 46, 52, 55, 56, 57, 66, 75, 76, 104, 125, 126, 127, 128, 131, 132, 133, 135, 140, 156, 158, 160, 195, 199, 200, 202, 203, 206, 209, 219, 220, 230, 231, 234, 235, 242, 245, 246, 251, 253, 264, 280, 293, 300, 327], "summary": {"covered_lines": 48, "num_statements": 63, "percent_covered": 76.19047619047619, "percent_covered_display": "76.19", "missing_lines": 15, "excluded_lines": 25, "percent_statements_covered": 76.19047619047619, "percent_statements_covered_display": "76.19"}, "missing_lines": [68, 157, 196, 259, 260, 261, 262, 271, 287, 291, 295, 296, 322, 323, 324], "excluded_lines": [327, 329, 331, 334, 335, 336, 337, 338, 339, 340, 343, 344, 345, 346, 347, 348, 349, 352, 353, 354, 355, 356, 357, 358, 360], "functions": {"ExpansionStats.__str__": {"executed_lines": [], "summary": {"covered_lines": 0, "num_statements": 1, "percent_covered": 0.0, "percent_covered_display": "0.00", "missing_lines": 1, "excluded_lines": 0, "percent_statements_covered": 0.0, "percent_statements_covered_display": "0.00"}, "missing_lines": [68], "excluded_lines": []}, "DecompressionMonitor.__init__": {"executed_lines": [125, 126, 127, 128, 131, 132, 133, 135], "summary": {"covered_lines": 8, "num_statements": 8, "percent_covered": 100.0, "percent_covered_display": "100.00", "missing_lines": 0, "excluded_lines": 0, "percent_statements_covered": 100.0, "percent_statements_covered_display": "100.00"}, "missing_lines": [], "excluded_lines": []}, "DecompressionMonitor.calculate_ratio": {"executed_lines": [156, 158], "summary": {"covered_lines": 2, "num_statements": 3, "percent_covered": 66.66666666666667, "percent_covered_display": "66.67", "missing_lines": 1, "excluded_lines": 0, "percent_statements_covered": 66.66666666666667, "percent_statements_covered_display": "66.67"}, "missing_lines": [157], "excluded_lines": []}, "DecompressionMonitor.check_expansion_ratio": {"executed_lines": [195, 199, 200, 202, 203, 206, 209, 219, 220, 230, 231, 234, 235, 242, 245, 246, 251], "summary": {"covered_lines": 17, "num_statements": 18, "percent_covered": 94.44444444444444, "percent_covered_display": "94.44", "missing_lines": 1, "excluded_lines": 0, "percent_statements_covered": 94.44444444444444, "percent_statements_covered_display": "94.44"}, "missing_lines": [196], "excluded_lines": []}, "DecompressionMonitor.reset": {"executed_lines": [], "summary": {"covered_lines": 0, "num_statements": 4, "percent_covered": 0.0, "percent_covered_display": "0.00", "missing_lines": 4, "excluded_lines": 0, "percent_statements_covered": 0.0, "percent_statements_covered_display": "0.00"}, "missing_lines": [259, 260, 261, 262], "excluded_lines": []}, "DecompressionMonitor.get_stats": {"executed_lines": [], "summary": {"covered_lines": 0, "num_statements": 1, "percent_covered": 0.0, "percent_covered_display": "0.00", "missing_lines": 1, "excluded_lines": 0, "percent_statements_covered": 0.0, "percent_statements_covered_display": "0.00"}, "missing_lines": [271], "excluded_lines": []}, "DecompressionMonitor.disable": {"executed_lines": [], "summary": {"covered_lines": 0, "num_statements": 2, "percent_covered": 0.0, "percent_covered_display": "0.00", "missing_lines": 2, "excluded_lines": 0, "percent_statements_covered": 0.0, "percent_statements_covered_display": "0.00"}, "missing_lines": [287, 291], "excluded_lines": []}, "DecompressionMonitor.enable": {"executed_lines": [], "summary": {"covered_lines": 0, "num_statements": 2, "percent_covered": 0.0, "percent_covered_display": "0.00", "missing_lines": 2, "excluded_lines": 0, "percent_statements_covered": 0.0, "percent_statements_covered_display": "0.00"}, "missing_lines": [295, 296], "excluded_lines": []}, "check_expansion_safe": {"executed_lines": [], "summary": {"covered_lines": 0, "num_statements": 3, "percent_covered": 0.0, "percent_covered_display": "0.00", "missing_lines": 3, "excluded_lines": 0, "percent_statements_covered": 0.0, "percent_statements_covered_display": "0.00"}, "missing_lines": [322, 323, 324], "excluded_lines": []}, "": {"executed_lines": [2, 32, 33, 34, 36, 40, 41, 42, 45, 46, 52, 55, 56, 57, 66, 75, 76, 104, 140, 160, 253, 264, 280, 293, 300, 327], "summary": {"covered_lines": 21, "num_statements": 21, "percent_covered": 100.0, "percent_covered_display": "100.00", "missing_lines": 0, "excluded_lines": 25, "percent_statements_covered": 100.0, "percent_statements_covered_display": "100.00"}, "missing_lines": [], "excluded_lines": [327, 329, 331, 334, 335, 336, 337, 338, 339, 340, 343, 344, 345, 346, 347, 348, 349, 352, 353, 354, 355, 356, 357, 358, 360]}}, "classes": {"DecompressionBombError": {"executed_lines": [], "summary": {"covered_lines": 0, "num_statements": 0, "percent_covered": 100.0, "percent_covered_display": "100.00", "missing_lines": 0, "excluded_lines": 0, "percent_statements_covered": 100.0, "percent_statements_covered_display": "100.00"}, "missing_lines": [], "excluded_lines": []}, "ExpansionStats": {"executed_lines": [], "summary": {"covered_lines": 0, "num_statements": 1, "percent_covered": 0.0, "percent_covered_display": "0.00", "missing_lines": 1, "excluded_lines": 0, "percent_statements_covered": 0.0, "percent_statements_covered_display": "0.00"}, "missing_lines": [68], "excluded_lines": []}, "DecompressionMonitor": {"executed_lines": [125, 126, 127, 128, 131, 132, 133, 135, 156, 158, 195, 199, 200, 202, 203, 206, 209, 219, 220, 230, 231, 234, 235, 242, 245, 246, 251], "summary": {"covered_lines": 27, "num_statements": 38, "percent_covered": 71.05263157894737, "percent_covered_display": "71.05", "missing_lines": 11, "excluded_lines": 0, "percent_statements_covered": 71.05263157894737, "percent_statements_covered_display": "71.05"}, "missing_lines": [157, 196, 259, 260, 261, 262, 271, 287, 291, 295, 296], "excluded_lines": []}, "": {"executed_lines": [2, 32, 33, 34, 36, 40, 41, 42, 45, 46, 52, 55, 56, 57, 66, 75, 76, 104, 140, 160, 253, 264, 280, 293, 300, 327], "summary": {"covered_lines": 21, "num_statements": 24, "percent_covered": 87.5, "percent_covered_display": "87.50", "missing_lines": 3, "excluded_lines": 25, "percent_statements_covered": 87.5, "percent_statements_covered_display": "87.50"}, "missing_lines": [322, 323, 324], "excluded_lines": [327, 329, 331, 334, 335, 336, 337, 338, 339, 340, 343, 344, 345, 346, 347, 348, 349, 352, 353, 354, 355, 356, 357, 358, 360]}}}}, "totals": {"covered_lines": 547, "num_statements": 1693, "percent_covered": 32.30950974601299, "percent_covered_display": "32.31", "missing_lines": 1146, "excluded_lines": 28, "percent_statements_covered": 32.30950974601299, "percent_statements_covered_display": "32.31"}}